TimeQuest Timing Analyzer report for bit_counter
Tue Apr 24 19:14:40 2018
Quartus II 64-Bit Version 13.1.0 Build 162 10/23/2013 SJ Web Edition


---------------------
; Table of Contents ;
---------------------
  1. Legal Notice
  2. TimeQuest Timing Analyzer Summary
  3. Parallel Compilation
  4. Clocks
  5. Slow 1200mV 85C Model Fmax Summary
  6. Timing Closure Recommendations
  7. Slow 1200mV 85C Model Setup Summary
  8. Slow 1200mV 85C Model Hold Summary
  9. Slow 1200mV 85C Model Recovery Summary
 10. Slow 1200mV 85C Model Removal Summary
 11. Slow 1200mV 85C Model Minimum Pulse Width Summary
 12. Propagation Delay
 13. Minimum Propagation Delay
 14. Slow 1200mV 85C Model Metastability Report
 15. Slow 1200mV 0C Model Fmax Summary
 16. Slow 1200mV 0C Model Setup Summary
 17. Slow 1200mV 0C Model Hold Summary
 18. Slow 1200mV 0C Model Recovery Summary
 19. Slow 1200mV 0C Model Removal Summary
 20. Slow 1200mV 0C Model Minimum Pulse Width Summary
 21. Propagation Delay
 22. Minimum Propagation Delay
 23. Slow 1200mV 0C Model Metastability Report
 24. Fast 1200mV 0C Model Setup Summary
 25. Fast 1200mV 0C Model Hold Summary
 26. Fast 1200mV 0C Model Recovery Summary
 27. Fast 1200mV 0C Model Removal Summary
 28. Fast 1200mV 0C Model Minimum Pulse Width Summary
 29. Propagation Delay
 30. Minimum Propagation Delay
 31. Fast 1200mV 0C Model Metastability Report
 32. Multicorner Timing Analysis Summary
 33. Propagation Delay
 34. Minimum Propagation Delay
 35. Board Trace Model Assignments
 36. Input Transition Times
 37. Slow Corner Signal Integrity Metrics
 38. Fast Corner Signal Integrity Metrics
 39. Clock Transfers
 40. Report TCCS
 41. Report RSKM
 42. Unconstrained Paths
 43. TimeQuest Timing Analyzer Messages



----------------
; Legal Notice ;
----------------
Copyright (C) 1991-2013 Altera Corporation
Your use of Altera Corporation's design tools, logic functions 
and other software and tools, and its AMPP partner logic 
functions, and any output files from any of the foregoing 
(including device programming or simulation files), and any 
associated documentation or information are expressly subject 
to the terms and conditions of the Altera Program License 
Subscription Agreement, Altera MegaCore Function License 
Agreement, or other applicable license agreement, including, 
without limitation, that your use is for the sole purpose of 
programming logic devices manufactured by Altera and sold by 
Altera or its authorized distributors.  Please refer to the 
applicable agreement for further details.



+-------------------------------------------------------------------------+
; TimeQuest Timing Analyzer Summary                                       ;
+--------------------+----------------------------------------------------+
; Quartus II Version ; Version 13.1.0 Build 162 10/23/2013 SJ Web Edition ;
; Revision Name      ; bit_counter                                        ;
; Device Family      ; Cyclone III                                        ;
; Device Name        ; EP3C5E144C7                                        ;
; Timing Models      ; Final                                              ;
; Delay Model        ; Combined                                           ;
; Rise/Fall Delays   ; Enabled                                            ;
+--------------------+----------------------------------------------------+


Parallel compilation was disabled, but you have multiple processors available. Enable parallel compilation to reduce compilation time.
+-------------------------------------+
; Parallel Compilation                ;
+----------------------------+--------+
; Processors                 ; Number ;
+----------------------------+--------+
; Number detected on machine ; 4      ;
; Maximum allowed            ; 1      ;
+----------------------------+--------+


----------
; Clocks ;
----------
No clocks to report.


--------------------------------------
; Slow 1200mV 85C Model Fmax Summary ;
--------------------------------------
No paths to report.


----------------------------------
; Timing Closure Recommendations ;
----------------------------------
HTML report is unavailable in plain text report export.


---------------------------------------
; Slow 1200mV 85C Model Setup Summary ;
---------------------------------------
No paths to report.


--------------------------------------
; Slow 1200mV 85C Model Hold Summary ;
--------------------------------------
No paths to report.


------------------------------------------
; Slow 1200mV 85C Model Recovery Summary ;
------------------------------------------
No paths to report.


-----------------------------------------
; Slow 1200mV 85C Model Removal Summary ;
-----------------------------------------
No paths to report.


-----------------------------------------------------
; Slow 1200mV 85C Model Minimum Pulse Width Summary ;
-----------------------------------------------------
No paths to report.


+--------------------------------------------------------------+
; Propagation Delay                                            ;
+------------+-------------+--------+--------+--------+--------+
; Input Port ; Output Port ; RR     ; RF     ; FR     ; FF     ;
+------------+-------------+--------+--------+--------+--------+
; x[0]       ; ssd[0]      ; 11.014 ; 10.850 ; 10.868 ; 11.030 ;
; x[0]       ; ssd[1]      ; 14.031 ; 14.003 ; 13.922 ; 13.948 ;
; x[0]       ; ssd[2]      ; 10.365 ; 10.321 ; 10.256 ; 10.266 ;
; x[0]       ; ssd[3]      ; 10.095 ; 10.063 ; 9.949  ; 10.243 ;
; x[0]       ; ssd[4]      ; 10.503 ; 10.609 ; 10.394 ; 10.554 ;
; x[0]       ; ssd[5]      ; 12.531 ; 12.576 ; 12.638 ; 12.689 ;
; x[0]       ; ssd[6]      ; 11.989 ; 11.996 ; 11.843 ; 12.176 ;
; x[0]       ; y[0]        ; 8.201  ; 8.085  ; 8.330  ; 8.266  ;
; x[0]       ; y[1]        ; 8.546  ; 8.444  ; 8.437  ; 8.389  ;
; x[0]       ; y[2]        ; 8.784  ; 8.744  ; 8.939  ; 8.845  ;
; x[0]       ; y[3]        ; 10.004 ; 9.995  ; 9.895  ; 9.940  ;
; x[1]       ; ssd[0]      ; 12.949 ; 12.629 ; 12.939 ; 12.852 ;
; x[1]       ; ssd[1]      ; 15.810 ; 15.782 ; 15.956 ; 15.928 ;
; x[1]       ; ssd[2]      ; 12.144 ; 12.100 ; 12.290 ; 12.246 ;
; x[1]       ; ssd[3]      ; 12.030 ; 11.842 ; 12.020 ; 12.065 ;
; x[1]       ; ssd[4]      ; 12.282 ; 12.388 ; 12.428 ; 12.534 ;
; x[1]       ; ssd[5]      ; 14.412 ; 14.467 ; 14.460 ; 14.511 ;
; x[1]       ; ssd[6]      ; 13.924 ; 13.775 ; 13.914 ; 13.998 ;
; x[1]       ; y[0]        ; 9.301  ; 9.186  ; 9.421  ; 9.310  ;
; x[1]       ; y[1]        ; 9.645  ; 9.543  ; 9.765  ; 9.663  ;
; x[1]       ; y[2]        ; 10.171 ; 10.061 ; 10.317 ; 10.207 ;
; x[1]       ; y[3]        ; 11.783 ; 11.774 ; 11.929 ; 11.920 ;
; x[2]       ; ssd[0]      ; 15.374 ; 15.094 ; 15.978 ; 15.891 ;
; x[2]       ; ssd[1]      ; 18.235 ; 18.207 ; 18.995 ; 18.967 ;
; x[2]       ; ssd[2]      ; 14.569 ; 14.525 ; 15.329 ; 15.285 ;
; x[2]       ; ssd[3]      ; 14.455 ; 14.307 ; 15.059 ; 15.104 ;
; x[2]       ; ssd[4]      ; 14.707 ; 14.813 ; 15.467 ; 15.573 ;
; x[2]       ; ssd[5]      ; 16.837 ; 16.892 ; 17.499 ; 17.550 ;
; x[2]       ; ssd[6]      ; 16.349 ; 16.240 ; 16.953 ; 17.037 ;
; x[2]       ; y[0]        ; 11.654 ; 11.554 ; 12.048 ; 11.945 ;
; x[2]       ; y[1]        ; 11.998 ; 11.896 ; 12.392 ; 12.290 ;
; x[2]       ; y[2]        ; 12.596 ; 12.486 ; 13.356 ; 13.246 ;
; x[2]       ; y[3]        ; 14.208 ; 14.199 ; 14.968 ; 14.959 ;
; x[3]       ; ssd[0]      ; 15.761 ; 15.559 ; 16.283 ; 16.196 ;
; x[3]       ; ssd[1]      ; 18.663 ; 18.635 ; 19.300 ; 19.272 ;
; x[3]       ; ssd[2]      ; 14.997 ; 14.953 ; 15.634 ; 15.590 ;
; x[3]       ; ssd[3]      ; 14.842 ; 14.772 ; 15.364 ; 15.409 ;
; x[3]       ; ssd[4]      ; 15.135 ; 15.241 ; 15.772 ; 15.878 ;
; x[3]       ; ssd[5]      ; 17.224 ; 17.279 ; 17.804 ; 17.855 ;
; x[3]       ; ssd[6]      ; 16.736 ; 16.705 ; 17.258 ; 17.342 ;
; x[3]       ; y[0]        ; 12.119 ; 12.019 ; 12.510 ; 12.410 ;
; x[3]       ; y[1]        ; 12.463 ; 12.361 ; 12.854 ; 12.752 ;
; x[3]       ; y[2]        ; 13.024 ; 12.914 ; 13.661 ; 13.551 ;
; x[3]       ; y[3]        ; 14.636 ; 14.627 ; 15.273 ; 15.264 ;
; x[4]       ; ssd[0]      ; 15.963 ; 15.802 ; 16.335 ; 16.129 ;
; x[4]       ; ssd[1]      ; 18.906 ; 18.878 ; 19.233 ; 19.205 ;
; x[4]       ; ssd[2]      ; 15.240 ; 15.196 ; 15.567 ; 15.523 ;
; x[4]       ; ssd[3]      ; 15.044 ; 15.015 ; 15.416 ; 15.342 ;
; x[4]       ; ssd[4]      ; 15.378 ; 15.484 ; 15.705 ; 15.811 ;
; x[4]       ; ssd[5]      ; 17.426 ; 17.481 ; 17.798 ; 17.853 ;
; x[4]       ; ssd[6]      ; 16.938 ; 16.948 ; 17.310 ; 17.275 ;
; x[4]       ; y[0]        ; 12.362 ; 12.262 ; 12.689 ; 12.589 ;
; x[4]       ; y[1]        ; 12.706 ; 12.604 ; 13.033 ; 12.931 ;
; x[4]       ; y[2]        ; 13.267 ; 13.157 ; 13.594 ; 13.484 ;
; x[4]       ; y[3]        ; 14.879 ; 14.870 ; 15.206 ; 15.197 ;
; x[5]       ; ssd[0]      ; 16.023 ; 15.862 ; 16.404 ; 16.198 ;
; x[5]       ; ssd[1]      ; 18.966 ; 18.938 ; 19.302 ; 19.274 ;
; x[5]       ; ssd[2]      ; 15.300 ; 15.256 ; 15.636 ; 15.592 ;
; x[5]       ; ssd[3]      ; 15.104 ; 15.075 ; 15.485 ; 15.411 ;
; x[5]       ; ssd[4]      ; 15.438 ; 15.544 ; 15.774 ; 15.880 ;
; x[5]       ; ssd[5]      ; 17.486 ; 17.541 ; 17.867 ; 17.922 ;
; x[5]       ; ssd[6]      ; 16.998 ; 17.008 ; 17.379 ; 17.344 ;
; x[5]       ; y[0]        ; 12.422 ; 12.322 ; 12.758 ; 12.658 ;
; x[5]       ; y[1]        ; 12.766 ; 12.664 ; 13.102 ; 13.000 ;
; x[5]       ; y[2]        ; 13.327 ; 13.217 ; 13.663 ; 13.553 ;
; x[5]       ; y[3]        ; 14.939 ; 14.930 ; 15.275 ; 15.266 ;
; x[6]       ; ssd[0]      ; 16.436 ; 16.275 ; 16.834 ; 16.628 ;
; x[6]       ; ssd[1]      ; 19.379 ; 19.351 ; 19.732 ; 19.704 ;
; x[6]       ; ssd[2]      ; 15.713 ; 15.669 ; 16.066 ; 16.022 ;
; x[6]       ; ssd[3]      ; 15.517 ; 15.488 ; 15.915 ; 15.841 ;
; x[6]       ; ssd[4]      ; 15.851 ; 15.957 ; 16.204 ; 16.310 ;
; x[6]       ; ssd[5]      ; 17.899 ; 17.954 ; 18.297 ; 18.352 ;
; x[6]       ; ssd[6]      ; 17.411 ; 17.421 ; 17.809 ; 17.774 ;
; x[6]       ; y[0]        ; 12.835 ; 12.735 ; 13.188 ; 13.088 ;
; x[6]       ; y[1]        ; 13.179 ; 13.077 ; 13.532 ; 13.430 ;
; x[6]       ; y[2]        ; 13.740 ; 13.630 ; 14.093 ; 13.983 ;
; x[6]       ; y[3]        ; 15.352 ; 15.343 ; 15.705 ; 15.696 ;
; x[7]       ; ssd[0]      ; 16.121 ; 15.960 ; 16.519 ; 16.313 ;
; x[7]       ; ssd[1]      ; 19.064 ; 19.036 ; 19.417 ; 19.389 ;
; x[7]       ; ssd[2]      ; 15.398 ; 15.354 ; 15.751 ; 15.707 ;
; x[7]       ; ssd[3]      ; 15.202 ; 15.173 ; 15.600 ; 15.526 ;
; x[7]       ; ssd[4]      ; 15.536 ; 15.642 ; 15.889 ; 15.995 ;
; x[7]       ; ssd[5]      ; 17.584 ; 17.639 ; 17.982 ; 18.037 ;
; x[7]       ; ssd[6]      ; 17.096 ; 17.106 ; 17.494 ; 17.459 ;
; x[7]       ; y[0]        ; 12.520 ; 12.420 ; 12.873 ; 12.773 ;
; x[7]       ; y[1]        ; 12.864 ; 12.762 ; 13.217 ; 13.115 ;
; x[7]       ; y[2]        ; 13.425 ; 13.315 ; 13.778 ; 13.668 ;
; x[7]       ; y[3]        ; 15.037 ; 15.028 ; 15.390 ; 15.381 ;
+------------+-------------+--------+--------+--------+--------+


+--------------------------------------------------------------+
; Minimum Propagation Delay                                    ;
+------------+-------------+--------+--------+--------+--------+
; Input Port ; Output Port ; RR     ; RF     ; FR     ; FF     ;
+------------+-------------+--------+--------+--------+--------+
; x[0]       ; ssd[0]      ; 9.575  ; 9.408  ; 9.663  ; 9.574  ;
; x[0]       ; ssd[1]      ; 11.961 ; 11.791 ; 12.081 ; 11.878 ;
; x[0]       ; ssd[2]      ; 9.252  ; 9.237  ; 9.464  ; 9.403  ;
; x[0]       ; ssd[3]      ; 8.630  ; 8.610  ; 8.718  ; 8.776  ;
; x[0]       ; ssd[4]      ; 8.887  ; 9.006  ; 9.007  ; 9.093  ;
; x[0]       ; ssd[5]      ; 10.899 ; 11.019 ; 11.041 ; 11.175 ;
; x[0]       ; ssd[6]      ; 10.172 ; 10.170 ; 10.292 ; 10.257 ;
; x[0]       ; y[0]        ; 7.951  ; 7.872  ; 8.117  ; 7.960  ;
; x[0]       ; y[1]        ; 8.019  ; 7.931  ; 8.106  ; 8.051  ;
; x[0]       ; y[2]        ; 8.310  ; 8.262  ; 8.523  ; 8.442  ;
; x[0]       ; y[3]        ; 9.472  ; 9.477  ; 9.559  ; 9.597  ;
; x[1]       ; ssd[0]      ; 9.507  ; 9.340  ; 9.573  ; 9.484  ;
; x[1]       ; ssd[1]      ; 11.893 ; 11.723 ; 11.991 ; 11.788 ;
; x[1]       ; ssd[2]      ; 9.184  ; 9.169  ; 9.374  ; 9.313  ;
; x[1]       ; ssd[3]      ; 8.562  ; 8.542  ; 8.628  ; 8.686  ;
; x[1]       ; ssd[4]      ; 8.819  ; 8.938  ; 8.917  ; 9.003  ;
; x[1]       ; ssd[5]      ; 10.831 ; 10.951 ; 10.951 ; 11.085 ;
; x[1]       ; ssd[6]      ; 10.104 ; 10.102 ; 10.202 ; 10.167 ;
; x[1]       ; y[0]        ; 7.883  ; 7.804  ; 8.027  ; 7.870  ;
; x[1]       ; y[1]        ; 7.951  ; 7.863  ; 8.016  ; 7.961  ;
; x[1]       ; y[2]        ; 8.242  ; 8.194  ; 8.433  ; 8.352  ;
; x[1]       ; y[3]        ; 9.404  ; 9.409  ; 9.469  ; 9.507  ;
; x[2]       ; ssd[0]      ; 11.859 ; 11.730 ; 12.197 ; 12.108 ;
; x[2]       ; ssd[1]      ; 14.262 ; 14.066 ; 14.600 ; 14.404 ;
; x[2]       ; ssd[2]      ; 11.574 ; 11.559 ; 11.998 ; 11.937 ;
; x[2]       ; ssd[3]      ; 10.916 ; 10.932 ; 11.252 ; 11.310 ;
; x[2]       ; ssd[4]      ; 11.188 ; 11.281 ; 11.526 ; 11.619 ;
; x[2]       ; ssd[5]      ; 13.221 ; 13.341 ; 13.567 ; 13.701 ;
; x[2]       ; ssd[6]      ; 12.473 ; 12.445 ; 12.811 ; 12.783 ;
; x[2]       ; y[0]        ; 10.273 ; 10.194 ; 10.651 ; 10.494 ;
; x[2]       ; y[1]        ; 10.294 ; 10.232 ; 10.632 ; 10.570 ;
; x[2]       ; y[2]        ; 10.632 ; 10.584 ; 11.057 ; 10.976 ;
; x[2]       ; y[3]        ; 11.794 ; 11.799 ; 12.093 ; 12.131 ;
; x[3]       ; ssd[0]      ; 12.017 ; 11.850 ; 12.266 ; 12.177 ;
; x[3]       ; ssd[1]      ; 14.403 ; 14.233 ; 14.684 ; 14.481 ;
; x[3]       ; ssd[2]      ; 11.694 ; 11.679 ; 12.067 ; 12.006 ;
; x[3]       ; ssd[3]      ; 11.072 ; 11.052 ; 11.321 ; 11.379 ;
; x[3]       ; ssd[4]      ; 11.329 ; 11.448 ; 11.610 ; 11.696 ;
; x[3]       ; ssd[5]      ; 13.341 ; 13.461 ; 13.644 ; 13.778 ;
; x[3]       ; ssd[6]      ; 12.614 ; 12.612 ; 12.895 ; 12.860 ;
; x[3]       ; y[0]        ; 10.393 ; 10.314 ; 10.720 ; 10.563 ;
; x[3]       ; y[1]        ; 10.461 ; 10.373 ; 10.709 ; 10.654 ;
; x[3]       ; y[2]        ; 10.752 ; 10.704 ; 11.126 ; 11.045 ;
; x[3]       ; y[3]        ; 11.914 ; 11.919 ; 12.162 ; 12.200 ;
; x[4]       ; ssd[0]      ; 12.249 ; 12.183 ; 12.480 ; 12.414 ;
; x[4]       ; ssd[1]      ; 14.652 ; 14.456 ; 14.883 ; 14.687 ;
; x[4]       ; ssd[2]      ; 12.066 ; 12.022 ; 12.297 ; 12.253 ;
; x[4]       ; ssd[3]      ; 11.306 ; 11.384 ; 11.537 ; 11.615 ;
; x[4]       ; ssd[4]      ; 11.578 ; 11.671 ; 11.809 ; 11.902 ;
; x[4]       ; ssd[5]      ; 13.619 ; 13.753 ; 13.850 ; 13.984 ;
; x[4]       ; ssd[6]      ; 12.863 ; 12.835 ; 13.094 ; 13.066 ;
; x[4]       ; y[0]        ; 10.771 ; 10.692 ; 11.173 ; 11.016 ;
; x[4]       ; y[1]        ; 10.684 ; 10.622 ; 10.915 ; 10.853 ;
; x[4]       ; y[2]        ; 11.130 ; 11.082 ; 11.524 ; 11.476 ;
; x[4]       ; y[3]        ; 12.292 ; 12.297 ; 12.615 ; 12.653 ;
; x[5]       ; ssd[0]      ; 12.298 ; 12.232 ; 12.587 ; 12.521 ;
; x[5]       ; ssd[1]      ; 14.701 ; 14.505 ; 14.990 ; 14.794 ;
; x[5]       ; ssd[2]      ; 12.115 ; 12.071 ; 12.404 ; 12.360 ;
; x[5]       ; ssd[3]      ; 11.355 ; 11.433 ; 11.644 ; 11.722 ;
; x[5]       ; ssd[4]      ; 11.627 ; 11.720 ; 11.916 ; 12.009 ;
; x[5]       ; ssd[5]      ; 13.668 ; 13.802 ; 13.957 ; 14.091 ;
; x[5]       ; ssd[6]      ; 12.912 ; 12.884 ; 13.201 ; 13.173 ;
; x[5]       ; y[0]        ; 10.822 ; 10.743 ; 11.240 ; 11.083 ;
; x[5]       ; y[1]        ; 10.733 ; 10.671 ; 11.022 ; 10.960 ;
; x[5]       ; y[2]        ; 11.181 ; 11.133 ; 11.631 ; 11.565 ;
; x[5]       ; y[3]        ; 12.343 ; 12.348 ; 12.682 ; 12.720 ;
; x[6]       ; ssd[0]      ; 11.977 ; 11.911 ; 12.352 ; 12.286 ;
; x[6]       ; ssd[1]      ; 14.380 ; 14.184 ; 14.755 ; 14.559 ;
; x[6]       ; ssd[2]      ; 11.794 ; 11.750 ; 12.169 ; 12.125 ;
; x[6]       ; ssd[3]      ; 11.034 ; 11.112 ; 11.409 ; 11.487 ;
; x[6]       ; ssd[4]      ; 11.306 ; 11.399 ; 11.681 ; 11.774 ;
; x[6]       ; ssd[5]      ; 13.347 ; 13.481 ; 13.722 ; 13.856 ;
; x[6]       ; ssd[6]      ; 12.591 ; 12.563 ; 12.966 ; 12.938 ;
; x[6]       ; y[0]        ; 11.224 ; 11.145 ; 11.652 ; 11.495 ;
; x[6]       ; y[1]        ; 10.412 ; 10.350 ; 10.787 ; 10.725 ;
; x[6]       ; y[2]        ; 11.021 ; 10.973 ; 11.396 ; 11.348 ;
; x[6]       ; y[3]        ; 12.169 ; 12.188 ; 12.507 ; 12.545 ;
; x[7]       ; ssd[0]      ; 11.763 ; 11.697 ; 12.163 ; 12.097 ;
; x[7]       ; ssd[1]      ; 14.166 ; 13.970 ; 14.566 ; 14.370 ;
; x[7]       ; ssd[2]      ; 11.580 ; 11.536 ; 11.980 ; 11.936 ;
; x[7]       ; ssd[3]      ; 10.820 ; 10.898 ; 11.220 ; 11.298 ;
; x[7]       ; ssd[4]      ; 11.092 ; 11.185 ; 11.492 ; 11.585 ;
; x[7]       ; ssd[5]      ; 13.133 ; 13.267 ; 13.533 ; 13.667 ;
; x[7]       ; ssd[6]      ; 12.377 ; 12.349 ; 12.777 ; 12.749 ;
; x[7]       ; y[0]        ; 10.922 ; 10.843 ; 11.351 ; 11.194 ;
; x[7]       ; y[1]        ; 10.198 ; 10.136 ; 10.598 ; 10.536 ;
; x[7]       ; y[2]        ; 10.807 ; 10.759 ; 11.207 ; 11.159 ;
; x[7]       ; y[3]        ; 11.955 ; 11.974 ; 12.318 ; 12.356 ;
+------------+-------------+--------+--------+--------+--------+


----------------------------------------------
; Slow 1200mV 85C Model Metastability Report ;
----------------------------------------------
No synchronizer chains to report.


-------------------------------------
; Slow 1200mV 0C Model Fmax Summary ;
-------------------------------------
No paths to report.


--------------------------------------
; Slow 1200mV 0C Model Setup Summary ;
--------------------------------------
No paths to report.


-------------------------------------
; Slow 1200mV 0C Model Hold Summary ;
-------------------------------------
No paths to report.


-----------------------------------------
; Slow 1200mV 0C Model Recovery Summary ;
-----------------------------------------
No paths to report.


----------------------------------------
; Slow 1200mV 0C Model Removal Summary ;
----------------------------------------
No paths to report.


----------------------------------------------------
; Slow 1200mV 0C Model Minimum Pulse Width Summary ;
----------------------------------------------------
No paths to report.


+--------------------------------------------------------------+
; Propagation Delay                                            ;
+------------+-------------+--------+--------+--------+--------+
; Input Port ; Output Port ; RR     ; RF     ; FR     ; FF     ;
+------------+-------------+--------+--------+--------+--------+
; x[0]       ; ssd[0]      ; 10.465 ; 10.338 ; 10.279 ; 10.445 ;
; x[0]       ; ssd[1]      ; 13.032 ; 13.214 ; 12.879 ; 13.107 ;
; x[0]       ; ssd[2]      ; 9.828  ; 9.655  ; 9.675  ; 9.548  ;
; x[0]       ; ssd[3]      ; 9.454  ; 9.531  ; 9.268  ; 9.638  ;
; x[0]       ; ssd[4]      ; 9.850  ; 10.012 ; 9.697  ; 9.905  ;
; x[0]       ; ssd[5]      ; 11.760 ; 11.822 ; 11.793 ; 11.923 ;
; x[0]       ; ssd[6]      ; 11.164 ; 11.350 ; 10.978 ; 11.457 ;
; x[0]       ; y[0]        ; 7.851  ; 7.644  ; 7.905  ; 7.748  ;
; x[0]       ; y[1]        ; 8.133  ; 7.989  ; 7.980  ; 7.882  ;
; x[0]       ; y[2]        ; 8.370  ; 8.228  ; 8.453  ; 8.265  ;
; x[0]       ; y[3]        ; 9.578  ; 9.518  ; 9.425  ; 9.411  ;
; x[1]       ; ssd[0]      ; 12.261 ; 11.986 ; 12.249 ; 12.122 ;
; x[1]       ; ssd[1]      ; 14.680 ; 14.862 ; 14.816 ; 14.998 ;
; x[1]       ; ssd[2]      ; 11.476 ; 11.303 ; 11.612 ; 11.439 ;
; x[1]       ; ssd[3]      ; 11.250 ; 11.179 ; 11.238 ; 11.315 ;
; x[1]       ; ssd[4]      ; 11.498 ; 11.660 ; 11.634 ; 11.796 ;
; x[1]       ; ssd[5]      ; 13.438 ; 13.568 ; 13.544 ; 13.606 ;
; x[1]       ; ssd[6]      ; 12.960 ; 12.998 ; 12.948 ; 13.134 ;
; x[1]       ; y[0]        ; 8.884  ; 8.678  ; 8.991  ; 8.785  ;
; x[1]       ; y[1]        ; 9.166  ; 9.022  ; 9.273  ; 9.129  ;
; x[1]       ; y[2]        ; 9.674  ; 9.469  ; 9.810  ; 9.605  ;
; x[1]       ; y[3]        ; 11.226 ; 11.166 ; 11.362 ; 11.302 ;
; x[2]       ; ssd[0]      ; 14.338 ; 14.063 ; 14.807 ; 14.680 ;
; x[2]       ; ssd[1]      ; 16.757 ; 16.939 ; 17.374 ; 17.556 ;
; x[2]       ; ssd[2]      ; 13.553 ; 13.380 ; 14.170 ; 13.997 ;
; x[2]       ; ssd[3]      ; 13.327 ; 13.256 ; 13.796 ; 13.873 ;
; x[2]       ; ssd[4]      ; 13.575 ; 13.737 ; 14.192 ; 14.354 ;
; x[2]       ; ssd[5]      ; 15.515 ; 15.645 ; 16.102 ; 16.164 ;
; x[2]       ; ssd[6]      ; 15.037 ; 15.075 ; 15.506 ; 15.692 ;
; x[2]       ; y[0]        ; 10.888 ; 10.682 ; 11.193 ; 10.987 ;
; x[2]       ; y[1]        ; 11.170 ; 11.026 ; 11.475 ; 11.331 ;
; x[2]       ; y[2]        ; 11.751 ; 11.546 ; 12.368 ; 12.163 ;
; x[2]       ; y[3]        ; 13.303 ; 13.243 ; 13.920 ; 13.860 ;
; x[3]       ; ssd[0]      ; 14.691 ; 14.441 ; 15.073 ; 14.946 ;
; x[3]       ; ssd[1]      ; 17.135 ; 17.317 ; 17.640 ; 17.822 ;
; x[3]       ; ssd[2]      ; 13.931 ; 13.758 ; 14.436 ; 14.263 ;
; x[3]       ; ssd[3]      ; 13.680 ; 13.634 ; 14.062 ; 14.139 ;
; x[3]       ; ssd[4]      ; 13.953 ; 14.115 ; 14.458 ; 14.620 ;
; x[3]       ; ssd[5]      ; 15.868 ; 15.998 ; 16.368 ; 16.430 ;
; x[3]       ; ssd[6]      ; 15.390 ; 15.453 ; 15.772 ; 15.958 ;
; x[3]       ; y[0]        ; 11.314 ; 11.108 ; 11.588 ; 11.382 ;
; x[3]       ; y[1]        ; 11.596 ; 11.452 ; 11.870 ; 11.726 ;
; x[3]       ; y[2]        ; 12.129 ; 11.924 ; 12.634 ; 12.429 ;
; x[3]       ; y[3]        ; 13.681 ; 13.621 ; 14.186 ; 14.126 ;
; x[4]       ; ssd[0]      ; 14.893 ; 14.679 ; 15.149 ; 14.899 ;
; x[4]       ; ssd[1]      ; 17.373 ; 17.555 ; 17.593 ; 17.775 ;
; x[4]       ; ssd[2]      ; 14.169 ; 13.996 ; 14.389 ; 14.216 ;
; x[4]       ; ssd[3]      ; 13.882 ; 13.872 ; 14.138 ; 14.092 ;
; x[4]       ; ssd[4]      ; 14.191 ; 14.353 ; 14.411 ; 14.573 ;
; x[4]       ; ssd[5]      ; 16.101 ; 16.200 ; 16.326 ; 16.456 ;
; x[4]       ; ssd[6]      ; 15.592 ; 15.691 ; 15.848 ; 15.911 ;
; x[4]       ; y[0]        ; 11.540 ; 11.334 ; 11.772 ; 11.566 ;
; x[4]       ; y[1]        ; 11.822 ; 11.678 ; 12.054 ; 11.910 ;
; x[4]       ; y[2]        ; 12.367 ; 12.162 ; 12.587 ; 12.382 ;
; x[4]       ; y[3]        ; 13.919 ; 13.859 ; 14.139 ; 14.079 ;
; x[5]       ; ssd[0]      ; 14.948 ; 14.734 ; 15.210 ; 14.960 ;
; x[5]       ; ssd[1]      ; 17.428 ; 17.610 ; 17.654 ; 17.836 ;
; x[5]       ; ssd[2]      ; 14.224 ; 14.051 ; 14.450 ; 14.277 ;
; x[5]       ; ssd[3]      ; 13.937 ; 13.927 ; 14.199 ; 14.153 ;
; x[5]       ; ssd[4]      ; 14.246 ; 14.408 ; 14.472 ; 14.634 ;
; x[5]       ; ssd[5]      ; 16.156 ; 16.255 ; 16.387 ; 16.517 ;
; x[5]       ; ssd[6]      ; 15.647 ; 15.746 ; 15.909 ; 15.972 ;
; x[5]       ; y[0]        ; 11.595 ; 11.389 ; 11.833 ; 11.627 ;
; x[5]       ; y[1]        ; 11.877 ; 11.733 ; 12.115 ; 11.971 ;
; x[5]       ; y[2]        ; 12.422 ; 12.217 ; 12.648 ; 12.443 ;
; x[5]       ; y[3]        ; 13.974 ; 13.914 ; 14.200 ; 14.140 ;
; x[6]       ; ssd[0]      ; 15.333 ; 15.119 ; 15.600 ; 15.350 ;
; x[6]       ; ssd[1]      ; 17.813 ; 17.995 ; 18.044 ; 18.226 ;
; x[6]       ; ssd[2]      ; 14.609 ; 14.436 ; 14.840 ; 14.667 ;
; x[6]       ; ssd[3]      ; 14.322 ; 14.312 ; 14.589 ; 14.543 ;
; x[6]       ; ssd[4]      ; 14.631 ; 14.793 ; 14.862 ; 15.024 ;
; x[6]       ; ssd[5]      ; 16.541 ; 16.640 ; 16.777 ; 16.907 ;
; x[6]       ; ssd[6]      ; 16.032 ; 16.131 ; 16.299 ; 16.362 ;
; x[6]       ; y[0]        ; 11.980 ; 11.774 ; 12.223 ; 12.017 ;
; x[6]       ; y[1]        ; 12.262 ; 12.118 ; 12.505 ; 12.361 ;
; x[6]       ; y[2]        ; 12.807 ; 12.602 ; 13.038 ; 12.833 ;
; x[6]       ; y[3]        ; 14.359 ; 14.299 ; 14.590 ; 14.530 ;
; x[7]       ; ssd[0]      ; 15.034 ; 14.820 ; 15.313 ; 15.063 ;
; x[7]       ; ssd[1]      ; 17.514 ; 17.696 ; 17.757 ; 17.939 ;
; x[7]       ; ssd[2]      ; 14.310 ; 14.137 ; 14.553 ; 14.380 ;
; x[7]       ; ssd[3]      ; 14.023 ; 14.013 ; 14.302 ; 14.256 ;
; x[7]       ; ssd[4]      ; 14.332 ; 14.494 ; 14.575 ; 14.737 ;
; x[7]       ; ssd[5]      ; 16.242 ; 16.341 ; 16.490 ; 16.620 ;
; x[7]       ; ssd[6]      ; 15.733 ; 15.832 ; 16.012 ; 16.075 ;
; x[7]       ; y[0]        ; 11.681 ; 11.475 ; 11.936 ; 11.730 ;
; x[7]       ; y[1]        ; 11.963 ; 11.819 ; 12.218 ; 12.074 ;
; x[7]       ; y[2]        ; 12.508 ; 12.303 ; 12.751 ; 12.546 ;
; x[7]       ; y[3]        ; 14.060 ; 14.000 ; 14.303 ; 14.243 ;
+------------+-------------+--------+--------+--------+--------+


+--------------------------------------------------------------+
; Minimum Propagation Delay                                    ;
+------------+-------------+--------+--------+--------+--------+
; Input Port ; Output Port ; RR     ; RF     ; FR     ; FF     ;
+------------+-------------+--------+--------+--------+--------+
; x[0]       ; ssd[0]      ; 9.160  ; 9.041  ; 9.185  ; 9.131  ;
; x[0]       ; ssd[1]      ; 11.252 ; 11.135 ; 11.299 ; 11.154 ;
; x[0]       ; ssd[2]      ; 8.806  ; 8.704  ; 8.939  ; 8.786  ;
; x[0]       ; ssd[3]      ; 8.127  ; 8.225  ; 8.152  ; 8.315  ;
; x[0]       ; ssd[4]      ; 8.391  ; 8.576  ; 8.438  ; 8.595  ;
; x[0]       ; ssd[5]      ; 10.233 ; 10.473 ; 10.296 ; 10.547 ;
; x[0]       ; ssd[6]      ; 9.631  ; 9.618  ; 9.678  ; 9.637  ;
; x[0]       ; y[0]        ; 7.620  ; 7.446  ; 7.710  ; 7.471  ;
; x[0]       ; y[1]        ; 7.659  ; 7.530  ; 7.678  ; 7.577  ;
; x[0]       ; y[2]        ; 7.945  ; 7.801  ; 8.074  ; 7.902  ;
; x[0]       ; y[3]        ; 9.099  ; 9.055  ; 9.118  ; 9.102  ;
; x[1]       ; ssd[0]      ; 9.106  ; 8.987  ; 9.103  ; 9.049  ;
; x[1]       ; ssd[1]      ; 11.198 ; 11.081 ; 11.217 ; 11.072 ;
; x[1]       ; ssd[2]      ; 8.752  ; 8.650  ; 8.857  ; 8.704  ;
; x[1]       ; ssd[3]      ; 8.073  ; 8.171  ; 8.070  ; 8.233  ;
; x[1]       ; ssd[4]      ; 8.337  ; 8.522  ; 8.356  ; 8.513  ;
; x[1]       ; ssd[5]      ; 10.179 ; 10.419 ; 10.214 ; 10.465 ;
; x[1]       ; ssd[6]      ; 9.577  ; 9.564  ; 9.596  ; 9.555  ;
; x[1]       ; y[0]        ; 7.566  ; 7.392  ; 7.628  ; 7.389  ;
; x[1]       ; y[1]        ; 7.605  ; 7.476  ; 7.596  ; 7.495  ;
; x[1]       ; y[2]        ; 7.891  ; 7.747  ; 7.992  ; 7.820  ;
; x[1]       ; y[3]        ; 9.045  ; 9.001  ; 9.036  ; 9.020  ;
; x[2]       ; ssd[0]      ; 11.108 ; 11.046 ; 11.289 ; 11.235 ;
; x[2]       ; ssd[1]      ; 13.170 ; 13.057 ; 13.403 ; 13.258 ;
; x[2]       ; ssd[2]      ; 10.811 ; 10.686 ; 11.043 ; 10.890 ;
; x[2]       ; ssd[3]      ; 10.076 ; 10.230 ; 10.256 ; 10.419 ;
; x[2]       ; ssd[4]      ; 10.309 ; 10.498 ; 10.542 ; 10.699 ;
; x[2]       ; ssd[5]      ; 12.199 ; 12.457 ; 12.400 ; 12.651 ;
; x[2]       ; ssd[6]      ; 11.549 ; 11.540 ; 11.782 ; 11.741 ;
; x[2]       ; y[0]        ; 9.625  ; 9.451  ; 9.814  ; 9.575  ;
; x[2]       ; y[1]        ; 9.581  ; 9.448  ; 9.782  ; 9.681  ;
; x[2]       ; y[2]        ; 9.950  ; 9.806  ; 10.178 ; 10.006 ;
; x[2]       ; y[3]        ; 11.104 ; 11.060 ; 11.222 ; 11.206 ;
; x[3]       ; ssd[0]      ; 11.280 ; 11.161 ; 11.349 ; 11.295 ;
; x[3]       ; ssd[1]      ; 13.372 ; 13.255 ; 13.463 ; 13.318 ;
; x[3]       ; ssd[2]      ; 10.926 ; 10.824 ; 11.103 ; 10.950 ;
; x[3]       ; ssd[3]      ; 10.247 ; 10.345 ; 10.316 ; 10.479 ;
; x[3]       ; ssd[4]      ; 10.511 ; 10.696 ; 10.602 ; 10.759 ;
; x[3]       ; ssd[5]      ; 12.353 ; 12.593 ; 12.460 ; 12.711 ;
; x[3]       ; ssd[6]      ; 11.751 ; 11.738 ; 11.842 ; 11.801 ;
; x[3]       ; y[0]        ; 9.740  ; 9.566  ; 9.874  ; 9.635  ;
; x[3]       ; y[1]        ; 9.779  ; 9.650  ; 9.842  ; 9.741  ;
; x[3]       ; y[2]        ; 10.065 ; 9.921  ; 10.238 ; 10.066 ;
; x[3]       ; y[3]        ; 11.219 ; 11.175 ; 11.282 ; 11.266 ;
; x[4]       ; ssd[0]      ; 11.437 ; 11.389 ; 11.665 ; 11.617 ;
; x[4]       ; ssd[1]      ; 13.499 ; 13.386 ; 13.735 ; 13.614 ;
; x[4]       ; ssd[2]      ; 11.207 ; 11.015 ; 11.435 ; 11.251 ;
; x[4]       ; ssd[3]      ; 10.405 ; 10.573 ; 10.633 ; 10.801 ;
; x[4]       ; ssd[4]      ; 10.638 ; 10.827 ; 10.874 ; 11.055 ;
; x[4]       ; ssd[5]      ; 12.528 ; 12.786 ; 12.756 ; 13.014 ;
; x[4]       ; ssd[6]      ; 11.878 ; 11.869 ; 12.114 ; 12.097 ;
; x[4]       ; y[0]        ; 10.086 ; 9.912  ; 10.294 ; 10.055 ;
; x[4]       ; y[1]        ; 9.910  ; 9.777  ; 10.138 ; 10.013 ;
; x[4]       ; y[2]        ; 10.411 ; 10.267 ; 10.658 ; 10.486 ;
; x[4]       ; y[3]        ; 11.559 ; 11.521 ; 11.702 ; 11.686 ;
; x[5]       ; ssd[0]      ; 11.484 ; 11.436 ; 11.757 ; 11.709 ;
; x[5]       ; ssd[1]      ; 13.546 ; 13.433 ; 13.827 ; 13.706 ;
; x[5]       ; ssd[2]      ; 11.254 ; 11.062 ; 11.527 ; 11.343 ;
; x[5]       ; ssd[3]      ; 10.452 ; 10.620 ; 10.725 ; 10.893 ;
; x[5]       ; ssd[4]      ; 10.685 ; 10.874 ; 10.966 ; 11.147 ;
; x[5]       ; ssd[5]      ; 12.575 ; 12.833 ; 12.848 ; 13.106 ;
; x[5]       ; ssd[6]      ; 11.925 ; 11.916 ; 12.206 ; 12.189 ;
; x[5]       ; y[0]        ; 10.136 ; 9.962  ; 10.351 ; 10.112 ;
; x[5]       ; y[1]        ; 9.957  ; 9.824  ; 10.230 ; 10.105 ;
; x[5]       ; y[2]        ; 10.461 ; 10.317 ; 10.715 ; 10.543 ;
; x[5]       ; y[3]        ; 11.606 ; 11.571 ; 11.759 ; 11.743 ;
; x[6]       ; ssd[0]      ; 11.258 ; 11.210 ; 11.506 ; 11.458 ;
; x[6]       ; ssd[1]      ; 13.328 ; 13.207 ; 13.568 ; 13.455 ;
; x[6]       ; ssd[2]      ; 11.028 ; 10.844 ; 11.276 ; 11.084 ;
; x[6]       ; ssd[3]      ; 10.226 ; 10.394 ; 10.474 ; 10.642 ;
; x[6]       ; ssd[4]      ; 10.467 ; 10.648 ; 10.707 ; 10.896 ;
; x[6]       ; ssd[5]      ; 12.349 ; 12.607 ; 12.597 ; 12.855 ;
; x[6]       ; ssd[6]      ; 11.707 ; 11.690 ; 11.947 ; 11.938 ;
; x[6]       ; y[0]        ; 10.506 ; 10.332 ; 10.725 ; 10.486 ;
; x[6]       ; y[1]        ; 9.731  ; 9.606  ; 9.979  ; 9.846  ;
; x[6]       ; y[2]        ; 10.303 ; 10.159 ; 10.581 ; 10.412 ;
; x[6]       ; y[3]        ; 11.388 ; 11.372 ; 11.628 ; 11.612 ;
; x[7]       ; ssd[0]      ; 11.048 ; 11.000 ; 11.324 ; 11.276 ;
; x[7]       ; ssd[1]      ; 13.118 ; 12.997 ; 13.386 ; 13.273 ;
; x[7]       ; ssd[2]      ; 10.818 ; 10.634 ; 11.094 ; 10.902 ;
; x[7]       ; ssd[3]      ; 10.016 ; 10.184 ; 10.292 ; 10.460 ;
; x[7]       ; ssd[4]      ; 10.257 ; 10.438 ; 10.525 ; 10.714 ;
; x[7]       ; ssd[5]      ; 12.139 ; 12.397 ; 12.415 ; 12.673 ;
; x[7]       ; ssd[6]      ; 11.497 ; 11.480 ; 11.765 ; 11.756 ;
; x[7]       ; y[0]        ; 10.221 ; 10.047 ; 10.450 ; 10.211 ;
; x[7]       ; y[1]        ; 9.521  ; 9.396  ; 9.797  ; 9.664  ;
; x[7]       ; y[2]        ; 10.093 ; 9.949  ; 10.399 ; 10.230 ;
; x[7]       ; y[3]        ; 11.178 ; 11.162 ; 11.446 ; 11.430 ;
+------------+-------------+--------+--------+--------+--------+


---------------------------------------------
; Slow 1200mV 0C Model Metastability Report ;
---------------------------------------------
No synchronizer chains to report.


--------------------------------------
; Fast 1200mV 0C Model Setup Summary ;
--------------------------------------
No paths to report.


-------------------------------------
; Fast 1200mV 0C Model Hold Summary ;
-------------------------------------
No paths to report.


-----------------------------------------
; Fast 1200mV 0C Model Recovery Summary ;
-----------------------------------------
No paths to report.


----------------------------------------
; Fast 1200mV 0C Model Removal Summary ;
----------------------------------------
No paths to report.


----------------------------------------------------
; Fast 1200mV 0C Model Minimum Pulse Width Summary ;
----------------------------------------------------
No paths to report.


+-------------------------------------------------------------+
; Propagation Delay                                           ;
+------------+-------------+--------+-------+--------+--------+
; Input Port ; Output Port ; RR     ; RF    ; FR     ; FF     ;
+------------+-------------+--------+-------+--------+--------+
; x[0]       ; ssd[0]      ; 5.952  ; 5.757 ; 6.306  ; 6.260  ;
; x[0]       ; ssd[1]      ; 7.458  ; 7.038 ; 7.835  ; 7.440  ;
; x[0]       ; ssd[2]      ; 5.200  ; 5.416 ; 5.577  ; 5.818  ;
; x[0]       ; ssd[3]      ; 5.280  ; 5.060 ; 5.634  ; 5.563  ;
; x[0]       ; ssd[4]      ; 5.498  ; 5.347 ; 5.875  ; 5.749  ;
; x[0]       ; ssd[5]      ; 6.597  ; 6.481 ; 6.973  ; 6.858  ;
; x[0]       ; ssd[6]      ; 6.283  ; 5.970 ; 6.637  ; 6.473  ;
; x[0]       ; y[0]        ; 4.185  ; 4.295 ; 4.671  ; 4.805  ;
; x[0]       ; y[1]        ; 4.370  ; 4.477 ; 4.747  ; 4.879  ;
; x[0]       ; y[2]        ; 4.466  ; 4.619 ; 4.953  ; 5.081  ;
; x[0]       ; y[3]        ; 5.356  ; 5.520 ; 5.733  ; 5.922  ;
; x[1]       ; ssd[0]      ; 6.810  ; 6.761 ; 7.177  ; 7.212  ;
; x[1]       ; ssd[1]      ; 8.336  ; 7.941 ; 8.706  ; 8.325  ;
; x[1]       ; ssd[2]      ; 6.078  ; 6.319 ; 6.448  ; 6.689  ;
; x[1]       ; ssd[3]      ; 6.138  ; 6.064 ; 6.505  ; 6.515  ;
; x[1]       ; ssd[4]      ; 6.376  ; 6.250 ; 6.746  ; 6.634  ;
; x[1]       ; ssd[5]      ; 7.474  ; 7.359 ; 7.925  ; 7.749  ;
; x[1]       ; ssd[6]      ; 7.141  ; 6.974 ; 7.508  ; 7.425  ;
; x[1]       ; y[0]        ; 4.786  ; 4.923 ; 5.204  ; 5.341  ;
; x[1]       ; y[1]        ; 4.864  ; 4.996 ; 5.282  ; 5.414  ;
; x[1]       ; y[2]        ; 5.263  ; 5.414 ; 5.633  ; 5.784  ;
; x[1]       ; y[3]        ; 6.234  ; 6.423 ; 6.604  ; 6.793  ;
; x[2]       ; ssd[0]      ; 8.066  ; 8.068 ; 8.814  ; 8.849  ;
; x[2]       ; ssd[1]      ; 9.592  ; 9.197 ; 10.343 ; 9.962  ;
; x[2]       ; ssd[2]      ; 7.334  ; 7.575 ; 8.085  ; 8.326  ;
; x[2]       ; ssd[3]      ; 7.394  ; 7.371 ; 8.142  ; 8.152  ;
; x[2]       ; ssd[4]      ; 7.632  ; 7.506 ; 8.383  ; 8.271  ;
; x[2]       ; ssd[5]      ; 8.781  ; 8.615 ; 9.562  ; 9.386  ;
; x[2]       ; ssd[6]      ; 8.397  ; 8.281 ; 9.145  ; 9.062  ;
; x[2]       ; y[0]        ; 6.061  ; 6.198 ; 6.634  ; 6.771  ;
; x[2]       ; y[1]        ; 6.139  ; 6.271 ; 6.712  ; 6.844  ;
; x[2]       ; y[2]        ; 6.519  ; 6.670 ; 7.270  ; 7.421  ;
; x[2]       ; y[3]        ; 7.490  ; 7.679 ; 8.241  ; 8.430  ;
; x[3]       ; ssd[0]      ; 8.250  ; 8.284 ; 8.993  ; 9.028  ;
; x[3]       ; ssd[1]      ; 9.778  ; 9.397 ; 10.522 ; 10.141 ;
; x[3]       ; ssd[2]      ; 7.520  ; 7.761 ; 8.264  ; 8.505  ;
; x[3]       ; ssd[3]      ; 7.578  ; 7.587 ; 8.321  ; 8.331  ;
; x[3]       ; ssd[4]      ; 7.818  ; 7.706 ; 8.562  ; 8.450  ;
; x[3]       ; ssd[5]      ; 8.997  ; 8.821 ; 9.741  ; 9.565  ;
; x[3]       ; ssd[6]      ; 8.581  ; 8.497 ; 9.324  ; 9.241  ;
; x[3]       ; y[0]        ; 6.277  ; 6.414 ; 6.887  ; 7.024  ;
; x[3]       ; y[1]        ; 6.355  ; 6.487 ; 6.965  ; 7.097  ;
; x[3]       ; y[2]        ; 6.705  ; 6.856 ; 7.449  ; 7.600  ;
; x[3]       ; y[3]        ; 7.676  ; 7.865 ; 8.420  ; 8.609  ;
; x[4]       ; ssd[0]      ; 8.378  ; 8.413 ; 8.969  ; 8.995  ;
; x[4]       ; ssd[1]      ; 9.907  ; 9.526 ; 10.495 ; 10.108 ;
; x[4]       ; ssd[2]      ; 7.649  ; 7.890 ; 8.237  ; 8.478  ;
; x[4]       ; ssd[3]      ; 7.706  ; 7.716 ; 8.297  ; 8.298  ;
; x[4]       ; ssd[4]      ; 7.947  ; 7.835 ; 8.535  ; 8.417  ;
; x[4]       ; ssd[5]      ; 9.126  ; 8.950 ; 9.708  ; 9.532  ;
; x[4]       ; ssd[6]      ; 8.709  ; 8.626 ; 9.300  ; 9.208  ;
; x[4]       ; y[0]        ; 6.401  ; 6.538 ; 6.988  ; 7.125  ;
; x[4]       ; y[1]        ; 6.479  ; 6.611 ; 7.066  ; 7.198  ;
; x[4]       ; y[2]        ; 6.834  ; 6.985 ; 7.422  ; 7.573  ;
; x[4]       ; y[3]        ; 7.805  ; 7.994 ; 8.393  ; 8.582  ;
; x[5]       ; ssd[0]      ; 8.422  ; 8.457 ; 9.038  ; 9.064  ;
; x[5]       ; ssd[1]      ; 9.951  ; 9.570 ; 10.564 ; 10.177 ;
; x[5]       ; ssd[2]      ; 7.693  ; 7.934 ; 8.306  ; 8.547  ;
; x[5]       ; ssd[3]      ; 7.750  ; 7.760 ; 8.366  ; 8.367  ;
; x[5]       ; ssd[4]      ; 7.991  ; 7.879 ; 8.604  ; 8.486  ;
; x[5]       ; ssd[5]      ; 9.170  ; 8.994 ; 9.777  ; 9.601  ;
; x[5]       ; ssd[6]      ; 8.753  ; 8.670 ; 9.369  ; 9.277  ;
; x[5]       ; y[0]        ; 6.444  ; 6.581 ; 7.057  ; 7.194  ;
; x[5]       ; y[1]        ; 6.522  ; 6.654 ; 7.135  ; 7.267  ;
; x[5]       ; y[2]        ; 6.878  ; 7.029 ; 7.491  ; 7.642  ;
; x[5]       ; y[3]        ; 7.849  ; 8.038 ; 8.462  ; 8.651  ;
; x[6]       ; ssd[0]      ; 8.618  ; 8.653 ; 9.266  ; 9.292  ;
; x[6]       ; ssd[1]      ; 10.147 ; 9.766 ; 10.792 ; 10.405 ;
; x[6]       ; ssd[2]      ; 7.889  ; 8.130 ; 8.534  ; 8.775  ;
; x[6]       ; ssd[3]      ; 7.946  ; 7.956 ; 8.594  ; 8.595  ;
; x[6]       ; ssd[4]      ; 8.187  ; 8.075 ; 8.832  ; 8.714  ;
; x[6]       ; ssd[5]      ; 9.366  ; 9.190 ; 10.005 ; 9.829  ;
; x[6]       ; ssd[6]      ; 8.949  ; 8.866 ; 9.597  ; 9.505  ;
; x[6]       ; y[0]        ; 6.646  ; 6.783 ; 7.285  ; 7.422  ;
; x[6]       ; y[1]        ; 6.724  ; 6.856 ; 7.363  ; 7.495  ;
; x[6]       ; y[2]        ; 7.074  ; 7.225 ; 7.719  ; 7.870  ;
; x[6]       ; y[3]        ; 8.045  ; 8.234 ; 8.690  ; 8.879  ;
; x[7]       ; ssd[0]      ; 8.450  ; 8.485 ; 9.072  ; 9.098  ;
; x[7]       ; ssd[1]      ; 9.979  ; 9.598 ; 10.598 ; 10.211 ;
; x[7]       ; ssd[2]      ; 7.721  ; 7.962 ; 8.340  ; 8.581  ;
; x[7]       ; ssd[3]      ; 7.778  ; 7.788 ; 8.400  ; 8.401  ;
; x[7]       ; ssd[4]      ; 8.019  ; 7.907 ; 8.638  ; 8.520  ;
; x[7]       ; ssd[5]      ; 9.198  ; 9.022 ; 9.811  ; 9.635  ;
; x[7]       ; ssd[6]      ; 8.781  ; 8.698 ; 9.403  ; 9.311  ;
; x[7]       ; y[0]        ; 6.478  ; 6.615 ; 7.091  ; 7.228  ;
; x[7]       ; y[1]        ; 6.556  ; 6.688 ; 7.169  ; 7.301  ;
; x[7]       ; y[2]        ; 6.906  ; 7.057 ; 7.525  ; 7.676  ;
; x[7]       ; y[3]        ; 7.877  ; 8.066 ; 8.496  ; 8.685  ;
+------------+-------------+--------+-------+--------+--------+


+----------------------------------------------------------+
; Minimum Propagation Delay                                ;
+------------+-------------+-------+-------+-------+-------+
; Input Port ; Output Port ; RR    ; RF    ; FR    ; FF    ;
+------------+-------------+-------+-------+-------+-------+
; x[0]       ; ssd[0]      ; 5.256 ; 5.066 ; 5.716 ; 5.569 ;
; x[0]       ; ssd[1]      ; 6.282 ; 6.101 ; 6.757 ; 6.604 ;
; x[0]       ; ssd[2]      ; 4.690 ; 4.873 ; 5.201 ; 5.376 ;
; x[0]       ; ssd[3]      ; 4.561 ; 4.363 ; 5.029 ; 4.866 ;
; x[0]       ; ssd[4]      ; 4.737 ; 4.570 ; 5.212 ; 5.030 ;
; x[0]       ; ssd[5]      ; 5.816 ; 5.576 ; 6.308 ; 6.068 ;
; x[0]       ; ssd[6]      ; 5.252 ; 5.261 ; 5.727 ; 5.740 ;
; x[0]       ; y[0]        ; 4.061 ; 4.186 ; 4.564 ; 4.645 ;
; x[0]       ; y[1]        ; 4.125 ; 4.233 ; 4.585 ; 4.708 ;
; x[0]       ; y[2]        ; 4.239 ; 4.383 ; 4.759 ; 4.888 ;
; x[0]       ; y[3]        ; 5.109 ; 5.274 ; 5.569 ; 5.749 ;
; x[1]       ; ssd[0]      ; 5.220 ; 5.030 ; 5.683 ; 5.536 ;
; x[1]       ; ssd[1]      ; 6.246 ; 6.065 ; 6.724 ; 6.571 ;
; x[1]       ; ssd[2]      ; 4.654 ; 4.837 ; 5.168 ; 5.343 ;
; x[1]       ; ssd[3]      ; 4.525 ; 4.327 ; 4.996 ; 4.833 ;
; x[1]       ; ssd[4]      ; 4.701 ; 4.534 ; 5.179 ; 4.997 ;
; x[1]       ; ssd[5]      ; 5.780 ; 5.540 ; 6.275 ; 6.035 ;
; x[1]       ; ssd[6]      ; 5.216 ; 5.225 ; 5.694 ; 5.707 ;
; x[1]       ; y[0]        ; 4.025 ; 4.150 ; 4.531 ; 4.612 ;
; x[1]       ; y[1]        ; 4.089 ; 4.197 ; 4.552 ; 4.675 ;
; x[1]       ; y[2]        ; 4.203 ; 4.347 ; 4.726 ; 4.855 ;
; x[1]       ; y[3]        ; 5.073 ; 5.238 ; 5.536 ; 5.716 ;
; x[2]       ; ssd[0]      ; 6.425 ; 6.254 ; 7.001 ; 6.862 ;
; x[2]       ; ssd[1]      ; 7.458 ; 7.289 ; 8.034 ; 7.892 ;
; x[2]       ; ssd[2]      ; 5.878 ; 6.061 ; 6.486 ; 6.692 ;
; x[2]       ; ssd[3]      ; 5.738 ; 5.551 ; 6.314 ; 6.158 ;
; x[2]       ; ssd[4]      ; 5.913 ; 5.739 ; 6.489 ; 6.315 ;
; x[2]       ; ssd[5]      ; 7.004 ; 6.764 ; 7.593 ; 7.353 ;
; x[2]       ; ssd[6]      ; 6.428 ; 6.449 ; 7.004 ; 7.025 ;
; x[2]       ; y[0]        ; 5.249 ; 5.374 ; 5.957 ; 6.038 ;
; x[2]       ; y[1]        ; 5.294 ; 5.409 ; 5.870 ; 5.985 ;
; x[2]       ; y[2]        ; 5.427 ; 5.571 ; 6.130 ; 6.274 ;
; x[2]       ; y[3]        ; 6.297 ; 6.462 ; 6.962 ; 7.142 ;
; x[3]       ; ssd[0]      ; 6.502 ; 6.312 ; 7.142 ; 7.003 ;
; x[3]       ; ssd[1]      ; 7.528 ; 7.347 ; 8.175 ; 8.033 ;
; x[3]       ; ssd[2]      ; 5.936 ; 6.119 ; 6.627 ; 6.833 ;
; x[3]       ; ssd[3]      ; 5.807 ; 5.609 ; 6.455 ; 6.299 ;
; x[3]       ; ssd[4]      ; 5.983 ; 5.816 ; 6.630 ; 6.456 ;
; x[3]       ; ssd[5]      ; 7.062 ; 6.822 ; 7.734 ; 7.494 ;
; x[3]       ; ssd[6]      ; 6.498 ; 6.507 ; 7.145 ; 7.166 ;
; x[3]       ; y[0]        ; 5.307 ; 5.432 ; 6.025 ; 6.106 ;
; x[3]       ; y[1]        ; 5.371 ; 5.479 ; 6.011 ; 6.126 ;
; x[3]       ; y[2]        ; 5.485 ; 5.629 ; 6.220 ; 6.349 ;
; x[3]       ; y[3]        ; 6.355 ; 6.520 ; 7.030 ; 7.210 ;
; x[4]       ; ssd[0]      ; 6.660 ; 6.512 ; 7.124 ; 6.985 ;
; x[4]       ; ssd[1]      ; 7.693 ; 7.547 ; 8.157 ; 8.015 ;
; x[4]       ; ssd[2]      ; 6.136 ; 6.319 ; 6.609 ; 6.815 ;
; x[4]       ; ssd[3]      ; 5.973 ; 5.809 ; 6.437 ; 6.281 ;
; x[4]       ; ssd[4]      ; 6.148 ; 5.974 ; 6.612 ; 6.438 ;
; x[4]       ; ssd[5]      ; 7.252 ; 7.012 ; 7.716 ; 7.476 ;
; x[4]       ; ssd[6]      ; 6.663 ; 6.684 ; 7.127 ; 7.148 ;
; x[4]       ; y[0]        ; 5.507 ; 5.632 ; 6.254 ; 6.335 ;
; x[4]       ; y[1]        ; 5.529 ; 5.644 ; 5.993 ; 6.108 ;
; x[4]       ; y[2]        ; 5.685 ; 5.829 ; 6.253 ; 6.397 ;
; x[4]       ; y[3]        ; 6.555 ; 6.720 ; 7.123 ; 7.288 ;
; x[5]       ; ssd[0]      ; 6.705 ; 6.555 ; 7.210 ; 7.071 ;
; x[5]       ; ssd[1]      ; 7.738 ; 7.590 ; 8.243 ; 8.101 ;
; x[5]       ; ssd[2]      ; 6.179 ; 6.362 ; 6.695 ; 6.901 ;
; x[5]       ; ssd[3]      ; 6.018 ; 5.852 ; 6.523 ; 6.367 ;
; x[5]       ; ssd[4]      ; 6.193 ; 6.019 ; 6.698 ; 6.524 ;
; x[5]       ; ssd[5]      ; 7.297 ; 7.057 ; 7.802 ; 7.562 ;
; x[5]       ; ssd[6]      ; 6.708 ; 6.729 ; 7.213 ; 7.234 ;
; x[5]       ; y[0]        ; 5.550 ; 5.675 ; 6.321 ; 6.402 ;
; x[5]       ; y[1]        ; 5.574 ; 5.689 ; 6.079 ; 6.194 ;
; x[5]       ; y[2]        ; 5.728 ; 5.872 ; 6.339 ; 6.483 ;
; x[5]       ; y[3]        ; 6.598 ; 6.763 ; 7.209 ; 7.374 ;
; x[6]       ; ssd[0]      ; 6.523 ; 6.384 ; 7.142 ; 7.003 ;
; x[6]       ; ssd[1]      ; 7.556 ; 7.414 ; 8.175 ; 8.033 ;
; x[6]       ; ssd[2]      ; 6.008 ; 6.214 ; 6.627 ; 6.833 ;
; x[6]       ; ssd[3]      ; 5.836 ; 5.680 ; 6.455 ; 6.299 ;
; x[6]       ; ssd[4]      ; 6.011 ; 5.837 ; 6.630 ; 6.456 ;
; x[6]       ; ssd[5]      ; 7.115 ; 6.875 ; 7.734 ; 7.494 ;
; x[6]       ; ssd[6]      ; 6.526 ; 6.547 ; 7.145 ; 7.166 ;
; x[6]       ; y[0]        ; 5.742 ; 5.867 ; 6.538 ; 6.619 ;
; x[6]       ; y[1]        ; 5.392 ; 5.507 ; 6.011 ; 6.126 ;
; x[6]       ; y[2]        ; 5.652 ; 5.796 ; 6.271 ; 6.415 ;
; x[6]       ; y[3]        ; 6.522 ; 6.687 ; 7.141 ; 7.306 ;
; x[7]       ; ssd[0]      ; 6.405 ; 6.266 ; 7.018 ; 6.879 ;
; x[7]       ; ssd[1]      ; 7.438 ; 7.296 ; 8.051 ; 7.909 ;
; x[7]       ; ssd[2]      ; 5.890 ; 6.096 ; 6.503 ; 6.709 ;
; x[7]       ; ssd[3]      ; 5.718 ; 5.562 ; 6.331 ; 6.175 ;
; x[7]       ; ssd[4]      ; 5.893 ; 5.719 ; 6.506 ; 6.332 ;
; x[7]       ; ssd[5]      ; 6.997 ; 6.757 ; 7.610 ; 7.370 ;
; x[7]       ; ssd[6]      ; 6.408 ; 6.429 ; 7.021 ; 7.042 ;
; x[7]       ; y[0]        ; 5.581 ; 5.706 ; 6.313 ; 6.434 ;
; x[7]       ; y[1]        ; 5.274 ; 5.389 ; 5.887 ; 6.002 ;
; x[7]       ; y[2]        ; 5.534 ; 5.678 ; 6.147 ; 6.291 ;
; x[7]       ; y[3]        ; 6.404 ; 6.569 ; 7.017 ; 7.182 ;
+------------+-------------+-------+-------+-------+-------+


---------------------------------------------
; Fast 1200mV 0C Model Metastability Report ;
---------------------------------------------
No synchronizer chains to report.


+----------------------------------------------------------------------------+
; Multicorner Timing Analysis Summary                                        ;
+------------------+-------+------+----------+---------+---------------------+
; Clock            ; Setup ; Hold ; Recovery ; Removal ; Minimum Pulse Width ;
+------------------+-------+------+----------+---------+---------------------+
; Worst-case Slack ; N/A   ; N/A  ; N/A      ; N/A     ; N/A                 ;
; Design-wide TNS  ; 0.0   ; 0.0  ; 0.0      ; 0.0     ; 0.0                 ;
+------------------+-------+------+----------+---------+---------------------+


+--------------------------------------------------------------+
; Propagation Delay                                            ;
+------------+-------------+--------+--------+--------+--------+
; Input Port ; Output Port ; RR     ; RF     ; FR     ; FF     ;
+------------+-------------+--------+--------+--------+--------+
; x[0]       ; ssd[0]      ; 11.014 ; 10.850 ; 10.868 ; 11.030 ;
; x[0]       ; ssd[1]      ; 14.031 ; 14.003 ; 13.922 ; 13.948 ;
; x[0]       ; ssd[2]      ; 10.365 ; 10.321 ; 10.256 ; 10.266 ;
; x[0]       ; ssd[3]      ; 10.095 ; 10.063 ; 9.949  ; 10.243 ;
; x[0]       ; ssd[4]      ; 10.503 ; 10.609 ; 10.394 ; 10.554 ;
; x[0]       ; ssd[5]      ; 12.531 ; 12.576 ; 12.638 ; 12.689 ;
; x[0]       ; ssd[6]      ; 11.989 ; 11.996 ; 11.843 ; 12.176 ;
; x[0]       ; y[0]        ; 8.201  ; 8.085  ; 8.330  ; 8.266  ;
; x[0]       ; y[1]        ; 8.546  ; 8.444  ; 8.437  ; 8.389  ;
; x[0]       ; y[2]        ; 8.784  ; 8.744  ; 8.939  ; 8.845  ;
; x[0]       ; y[3]        ; 10.004 ; 9.995  ; 9.895  ; 9.940  ;
; x[1]       ; ssd[0]      ; 12.949 ; 12.629 ; 12.939 ; 12.852 ;
; x[1]       ; ssd[1]      ; 15.810 ; 15.782 ; 15.956 ; 15.928 ;
; x[1]       ; ssd[2]      ; 12.144 ; 12.100 ; 12.290 ; 12.246 ;
; x[1]       ; ssd[3]      ; 12.030 ; 11.842 ; 12.020 ; 12.065 ;
; x[1]       ; ssd[4]      ; 12.282 ; 12.388 ; 12.428 ; 12.534 ;
; x[1]       ; ssd[5]      ; 14.412 ; 14.467 ; 14.460 ; 14.511 ;
; x[1]       ; ssd[6]      ; 13.924 ; 13.775 ; 13.914 ; 13.998 ;
; x[1]       ; y[0]        ; 9.301  ; 9.186  ; 9.421  ; 9.310  ;
; x[1]       ; y[1]        ; 9.645  ; 9.543  ; 9.765  ; 9.663  ;
; x[1]       ; y[2]        ; 10.171 ; 10.061 ; 10.317 ; 10.207 ;
; x[1]       ; y[3]        ; 11.783 ; 11.774 ; 11.929 ; 11.920 ;
; x[2]       ; ssd[0]      ; 15.374 ; 15.094 ; 15.978 ; 15.891 ;
; x[2]       ; ssd[1]      ; 18.235 ; 18.207 ; 18.995 ; 18.967 ;
; x[2]       ; ssd[2]      ; 14.569 ; 14.525 ; 15.329 ; 15.285 ;
; x[2]       ; ssd[3]      ; 14.455 ; 14.307 ; 15.059 ; 15.104 ;
; x[2]       ; ssd[4]      ; 14.707 ; 14.813 ; 15.467 ; 15.573 ;
; x[2]       ; ssd[5]      ; 16.837 ; 16.892 ; 17.499 ; 17.550 ;
; x[2]       ; ssd[6]      ; 16.349 ; 16.240 ; 16.953 ; 17.037 ;
; x[2]       ; y[0]        ; 11.654 ; 11.554 ; 12.048 ; 11.945 ;
; x[2]       ; y[1]        ; 11.998 ; 11.896 ; 12.392 ; 12.290 ;
; x[2]       ; y[2]        ; 12.596 ; 12.486 ; 13.356 ; 13.246 ;
; x[2]       ; y[3]        ; 14.208 ; 14.199 ; 14.968 ; 14.959 ;
; x[3]       ; ssd[0]      ; 15.761 ; 15.559 ; 16.283 ; 16.196 ;
; x[3]       ; ssd[1]      ; 18.663 ; 18.635 ; 19.300 ; 19.272 ;
; x[3]       ; ssd[2]      ; 14.997 ; 14.953 ; 15.634 ; 15.590 ;
; x[3]       ; ssd[3]      ; 14.842 ; 14.772 ; 15.364 ; 15.409 ;
; x[3]       ; ssd[4]      ; 15.135 ; 15.241 ; 15.772 ; 15.878 ;
; x[3]       ; ssd[5]      ; 17.224 ; 17.279 ; 17.804 ; 17.855 ;
; x[3]       ; ssd[6]      ; 16.736 ; 16.705 ; 17.258 ; 17.342 ;
; x[3]       ; y[0]        ; 12.119 ; 12.019 ; 12.510 ; 12.410 ;
; x[3]       ; y[1]        ; 12.463 ; 12.361 ; 12.854 ; 12.752 ;
; x[3]       ; y[2]        ; 13.024 ; 12.914 ; 13.661 ; 13.551 ;
; x[3]       ; y[3]        ; 14.636 ; 14.627 ; 15.273 ; 15.264 ;
; x[4]       ; ssd[0]      ; 15.963 ; 15.802 ; 16.335 ; 16.129 ;
; x[4]       ; ssd[1]      ; 18.906 ; 18.878 ; 19.233 ; 19.205 ;
; x[4]       ; ssd[2]      ; 15.240 ; 15.196 ; 15.567 ; 15.523 ;
; x[4]       ; ssd[3]      ; 15.044 ; 15.015 ; 15.416 ; 15.342 ;
; x[4]       ; ssd[4]      ; 15.378 ; 15.484 ; 15.705 ; 15.811 ;
; x[4]       ; ssd[5]      ; 17.426 ; 17.481 ; 17.798 ; 17.853 ;
; x[4]       ; ssd[6]      ; 16.938 ; 16.948 ; 17.310 ; 17.275 ;
; x[4]       ; y[0]        ; 12.362 ; 12.262 ; 12.689 ; 12.589 ;
; x[4]       ; y[1]        ; 12.706 ; 12.604 ; 13.033 ; 12.931 ;
; x[4]       ; y[2]        ; 13.267 ; 13.157 ; 13.594 ; 13.484 ;
; x[4]       ; y[3]        ; 14.879 ; 14.870 ; 15.206 ; 15.197 ;
; x[5]       ; ssd[0]      ; 16.023 ; 15.862 ; 16.404 ; 16.198 ;
; x[5]       ; ssd[1]      ; 18.966 ; 18.938 ; 19.302 ; 19.274 ;
; x[5]       ; ssd[2]      ; 15.300 ; 15.256 ; 15.636 ; 15.592 ;
; x[5]       ; ssd[3]      ; 15.104 ; 15.075 ; 15.485 ; 15.411 ;
; x[5]       ; ssd[4]      ; 15.438 ; 15.544 ; 15.774 ; 15.880 ;
; x[5]       ; ssd[5]      ; 17.486 ; 17.541 ; 17.867 ; 17.922 ;
; x[5]       ; ssd[6]      ; 16.998 ; 17.008 ; 17.379 ; 17.344 ;
; x[5]       ; y[0]        ; 12.422 ; 12.322 ; 12.758 ; 12.658 ;
; x[5]       ; y[1]        ; 12.766 ; 12.664 ; 13.102 ; 13.000 ;
; x[5]       ; y[2]        ; 13.327 ; 13.217 ; 13.663 ; 13.553 ;
; x[5]       ; y[3]        ; 14.939 ; 14.930 ; 15.275 ; 15.266 ;
; x[6]       ; ssd[0]      ; 16.436 ; 16.275 ; 16.834 ; 16.628 ;
; x[6]       ; ssd[1]      ; 19.379 ; 19.351 ; 19.732 ; 19.704 ;
; x[6]       ; ssd[2]      ; 15.713 ; 15.669 ; 16.066 ; 16.022 ;
; x[6]       ; ssd[3]      ; 15.517 ; 15.488 ; 15.915 ; 15.841 ;
; x[6]       ; ssd[4]      ; 15.851 ; 15.957 ; 16.204 ; 16.310 ;
; x[6]       ; ssd[5]      ; 17.899 ; 17.954 ; 18.297 ; 18.352 ;
; x[6]       ; ssd[6]      ; 17.411 ; 17.421 ; 17.809 ; 17.774 ;
; x[6]       ; y[0]        ; 12.835 ; 12.735 ; 13.188 ; 13.088 ;
; x[6]       ; y[1]        ; 13.179 ; 13.077 ; 13.532 ; 13.430 ;
; x[6]       ; y[2]        ; 13.740 ; 13.630 ; 14.093 ; 13.983 ;
; x[6]       ; y[3]        ; 15.352 ; 15.343 ; 15.705 ; 15.696 ;
; x[7]       ; ssd[0]      ; 16.121 ; 15.960 ; 16.519 ; 16.313 ;
; x[7]       ; ssd[1]      ; 19.064 ; 19.036 ; 19.417 ; 19.389 ;
; x[7]       ; ssd[2]      ; 15.398 ; 15.354 ; 15.751 ; 15.707 ;
; x[7]       ; ssd[3]      ; 15.202 ; 15.173 ; 15.600 ; 15.526 ;
; x[7]       ; ssd[4]      ; 15.536 ; 15.642 ; 15.889 ; 15.995 ;
; x[7]       ; ssd[5]      ; 17.584 ; 17.639 ; 17.982 ; 18.037 ;
; x[7]       ; ssd[6]      ; 17.096 ; 17.106 ; 17.494 ; 17.459 ;
; x[7]       ; y[0]        ; 12.520 ; 12.420 ; 12.873 ; 12.773 ;
; x[7]       ; y[1]        ; 12.864 ; 12.762 ; 13.217 ; 13.115 ;
; x[7]       ; y[2]        ; 13.425 ; 13.315 ; 13.778 ; 13.668 ;
; x[7]       ; y[3]        ; 15.037 ; 15.028 ; 15.390 ; 15.381 ;
+------------+-------------+--------+--------+--------+--------+


+----------------------------------------------------------+
; Minimum Propagation Delay                                ;
+------------+-------------+-------+-------+-------+-------+
; Input Port ; Output Port ; RR    ; RF    ; FR    ; FF    ;
+------------+-------------+-------+-------+-------+-------+
; x[0]       ; ssd[0]      ; 5.256 ; 5.066 ; 5.716 ; 5.569 ;
; x[0]       ; ssd[1]      ; 6.282 ; 6.101 ; 6.757 ; 6.604 ;
; x[0]       ; ssd[2]      ; 4.690 ; 4.873 ; 5.201 ; 5.376 ;
; x[0]       ; ssd[3]      ; 4.561 ; 4.363 ; 5.029 ; 4.866 ;
; x[0]       ; ssd[4]      ; 4.737 ; 4.570 ; 5.212 ; 5.030 ;
; x[0]       ; ssd[5]      ; 5.816 ; 5.576 ; 6.308 ; 6.068 ;
; x[0]       ; ssd[6]      ; 5.252 ; 5.261 ; 5.727 ; 5.740 ;
; x[0]       ; y[0]        ; 4.061 ; 4.186 ; 4.564 ; 4.645 ;
; x[0]       ; y[1]        ; 4.125 ; 4.233 ; 4.585 ; 4.708 ;
; x[0]       ; y[2]        ; 4.239 ; 4.383 ; 4.759 ; 4.888 ;
; x[0]       ; y[3]        ; 5.109 ; 5.274 ; 5.569 ; 5.749 ;
; x[1]       ; ssd[0]      ; 5.220 ; 5.030 ; 5.683 ; 5.536 ;
; x[1]       ; ssd[1]      ; 6.246 ; 6.065 ; 6.724 ; 6.571 ;
; x[1]       ; ssd[2]      ; 4.654 ; 4.837 ; 5.168 ; 5.343 ;
; x[1]       ; ssd[3]      ; 4.525 ; 4.327 ; 4.996 ; 4.833 ;
; x[1]       ; ssd[4]      ; 4.701 ; 4.534 ; 5.179 ; 4.997 ;
; x[1]       ; ssd[5]      ; 5.780 ; 5.540 ; 6.275 ; 6.035 ;
; x[1]       ; ssd[6]      ; 5.216 ; 5.225 ; 5.694 ; 5.707 ;
; x[1]       ; y[0]        ; 4.025 ; 4.150 ; 4.531 ; 4.612 ;
; x[1]       ; y[1]        ; 4.089 ; 4.197 ; 4.552 ; 4.675 ;
; x[1]       ; y[2]        ; 4.203 ; 4.347 ; 4.726 ; 4.855 ;
; x[1]       ; y[3]        ; 5.073 ; 5.238 ; 5.536 ; 5.716 ;
; x[2]       ; ssd[0]      ; 6.425 ; 6.254 ; 7.001 ; 6.862 ;
; x[2]       ; ssd[1]      ; 7.458 ; 7.289 ; 8.034 ; 7.892 ;
; x[2]       ; ssd[2]      ; 5.878 ; 6.061 ; 6.486 ; 6.692 ;
; x[2]       ; ssd[3]      ; 5.738 ; 5.551 ; 6.314 ; 6.158 ;
; x[2]       ; ssd[4]      ; 5.913 ; 5.739 ; 6.489 ; 6.315 ;
; x[2]       ; ssd[5]      ; 7.004 ; 6.764 ; 7.593 ; 7.353 ;
; x[2]       ; ssd[6]      ; 6.428 ; 6.449 ; 7.004 ; 7.025 ;
; x[2]       ; y[0]        ; 5.249 ; 5.374 ; 5.957 ; 6.038 ;
; x[2]       ; y[1]        ; 5.294 ; 5.409 ; 5.870 ; 5.985 ;
; x[2]       ; y[2]        ; 5.427 ; 5.571 ; 6.130 ; 6.274 ;
; x[2]       ; y[3]        ; 6.297 ; 6.462 ; 6.962 ; 7.142 ;
; x[3]       ; ssd[0]      ; 6.502 ; 6.312 ; 7.142 ; 7.003 ;
; x[3]       ; ssd[1]      ; 7.528 ; 7.347 ; 8.175 ; 8.033 ;
; x[3]       ; ssd[2]      ; 5.936 ; 6.119 ; 6.627 ; 6.833 ;
; x[3]       ; ssd[3]      ; 5.807 ; 5.609 ; 6.455 ; 6.299 ;
; x[3]       ; ssd[4]      ; 5.983 ; 5.816 ; 6.630 ; 6.456 ;
; x[3]       ; ssd[5]      ; 7.062 ; 6.822 ; 7.734 ; 7.494 ;
; x[3]       ; ssd[6]      ; 6.498 ; 6.507 ; 7.145 ; 7.166 ;
; x[3]       ; y[0]        ; 5.307 ; 5.432 ; 6.025 ; 6.106 ;
; x[3]       ; y[1]        ; 5.371 ; 5.479 ; 6.011 ; 6.126 ;
; x[3]       ; y[2]        ; 5.485 ; 5.629 ; 6.220 ; 6.349 ;
; x[3]       ; y[3]        ; 6.355 ; 6.520 ; 7.030 ; 7.210 ;
; x[4]       ; ssd[0]      ; 6.660 ; 6.512 ; 7.124 ; 6.985 ;
; x[4]       ; ssd[1]      ; 7.693 ; 7.547 ; 8.157 ; 8.015 ;
; x[4]       ; ssd[2]      ; 6.136 ; 6.319 ; 6.609 ; 6.815 ;
; x[4]       ; ssd[3]      ; 5.973 ; 5.809 ; 6.437 ; 6.281 ;
; x[4]       ; ssd[4]      ; 6.148 ; 5.974 ; 6.612 ; 6.438 ;
; x[4]       ; ssd[5]      ; 7.252 ; 7.012 ; 7.716 ; 7.476 ;
; x[4]       ; ssd[6]      ; 6.663 ; 6.684 ; 7.127 ; 7.148 ;
; x[4]       ; y[0]        ; 5.507 ; 5.632 ; 6.254 ; 6.335 ;
; x[4]       ; y[1]        ; 5.529 ; 5.644 ; 5.993 ; 6.108 ;
; x[4]       ; y[2]        ; 5.685 ; 5.829 ; 6.253 ; 6.397 ;
; x[4]       ; y[3]        ; 6.555 ; 6.720 ; 7.123 ; 7.288 ;
; x[5]       ; ssd[0]      ; 6.705 ; 6.555 ; 7.210 ; 7.071 ;
; x[5]       ; ssd[1]      ; 7.738 ; 7.590 ; 8.243 ; 8.101 ;
; x[5]       ; ssd[2]      ; 6.179 ; 6.362 ; 6.695 ; 6.901 ;
; x[5]       ; ssd[3]      ; 6.018 ; 5.852 ; 6.523 ; 6.367 ;
; x[5]       ; ssd[4]      ; 6.193 ; 6.019 ; 6.698 ; 6.524 ;
; x[5]       ; ssd[5]      ; 7.297 ; 7.057 ; 7.802 ; 7.562 ;
; x[5]       ; ssd[6]      ; 6.708 ; 6.729 ; 7.213 ; 7.234 ;
; x[5]       ; y[0]        ; 5.550 ; 5.675 ; 6.321 ; 6.402 ;
; x[5]       ; y[1]        ; 5.574 ; 5.689 ; 6.079 ; 6.194 ;
; x[5]       ; y[2]        ; 5.728 ; 5.872 ; 6.339 ; 6.483 ;
; x[5]       ; y[3]        ; 6.598 ; 6.763 ; 7.209 ; 7.374 ;
; x[6]       ; ssd[0]      ; 6.523 ; 6.384 ; 7.142 ; 7.003 ;
; x[6]       ; ssd[1]      ; 7.556 ; 7.414 ; 8.175 ; 8.033 ;
; x[6]       ; ssd[2]      ; 6.008 ; 6.214 ; 6.627 ; 6.833 ;
; x[6]       ; ssd[3]      ; 5.836 ; 5.680 ; 6.455 ; 6.299 ;
; x[6]       ; ssd[4]      ; 6.011 ; 5.837 ; 6.630 ; 6.456 ;
; x[6]       ; ssd[5]      ; 7.115 ; 6.875 ; 7.734 ; 7.494 ;
; x[6]       ; ssd[6]      ; 6.526 ; 6.547 ; 7.145 ; 7.166 ;
; x[6]       ; y[0]        ; 5.742 ; 5.867 ; 6.538 ; 6.619 ;
; x[6]       ; y[1]        ; 5.392 ; 5.507 ; 6.011 ; 6.126 ;
; x[6]       ; y[2]        ; 5.652 ; 5.796 ; 6.271 ; 6.415 ;
; x[6]       ; y[3]        ; 6.522 ; 6.687 ; 7.141 ; 7.306 ;
; x[7]       ; ssd[0]      ; 6.405 ; 6.266 ; 7.018 ; 6.879 ;
; x[7]       ; ssd[1]      ; 7.438 ; 7.296 ; 8.051 ; 7.909 ;
; x[7]       ; ssd[2]      ; 5.890 ; 6.096 ; 6.503 ; 6.709 ;
; x[7]       ; ssd[3]      ; 5.718 ; 5.562 ; 6.331 ; 6.175 ;
; x[7]       ; ssd[4]      ; 5.893 ; 5.719 ; 6.506 ; 6.332 ;
; x[7]       ; ssd[5]      ; 6.997 ; 6.757 ; 7.610 ; 7.370 ;
; x[7]       ; ssd[6]      ; 6.408 ; 6.429 ; 7.021 ; 7.042 ;
; x[7]       ; y[0]        ; 5.581 ; 5.706 ; 6.313 ; 6.434 ;
; x[7]       ; y[1]        ; 5.274 ; 5.389 ; 5.887 ; 6.002 ;
; x[7]       ; y[2]        ; 5.534 ; 5.678 ; 6.147 ; 6.291 ;
; x[7]       ; y[3]        ; 6.404 ; 6.569 ; 7.017 ; 7.182 ;
+------------+-------------+-------+-------+-------+-------+


+------------------------------------------------------------------------------------------------------------------------------------------------------------------------------------------------------------------------------------------------------------------------------------------------------------------------------------------------------------------------------------------------------------------+
; Board Trace Model Assignments                                                                                                                                                                                                                                                                                                                                                                                    ;
+---------------+--------------+-------------------+-------------------------+-------------------------+---------------+---------------------+----------------+------------------+--------+------------------+------------------------+------------------------+--------------+---------------+-----------------+-------+---------------------+--------------------+---------------+-----------------+-------------+
; Pin           ; I/O Standard ; Near Tline Length ; Near Tline L per Length ; Near Tline C per Length ; Near Series R ; Near Differential R ; Near Pull-up R ; Near Pull-down R ; Near C ; Far Tline Length ; Far Tline L per Length ; Far Tline C per Length ; Far Series R ; Far Pull-up R ; Far Pull-down R ; Far C ; Termination Voltage ; Far Differential R ; EBD File Name ; EBD Signal Name ; EBD Far-end ;
+---------------+--------------+-------------------+-------------------------+-------------------------+---------------+---------------------+----------------+------------------+--------+------------------+------------------------+------------------------+--------------+---------------+-----------------+-------+---------------------+--------------------+---------------+-----------------+-------------+
; y[0]          ; 2.5 V        ; 0 in              ; 0 H/in                  ; 0 F/in                  ; short         ; -                   ; open           ; open             ; open   ; 0 in             ; 0 H/in                 ; 0 F/in                 ; short        ; open          ; open            ; open  ; 0 V                 ; -                  ; n/a           ; n/a             ; n/a         ;
; y[1]          ; 2.5 V        ; 0 in              ; 0 H/in                  ; 0 F/in                  ; short         ; -                   ; open           ; open             ; open   ; 0 in             ; 0 H/in                 ; 0 F/in                 ; short        ; open          ; open            ; open  ; 0 V                 ; -                  ; n/a           ; n/a             ; n/a         ;
; y[2]          ; 2.5 V        ; 0 in              ; 0 H/in                  ; 0 F/in                  ; short         ; -                   ; open           ; open             ; open   ; 0 in             ; 0 H/in                 ; 0 F/in                 ; short        ; open          ; open            ; open  ; 0 V                 ; -                  ; n/a           ; n/a             ; n/a         ;
; y[3]          ; 2.5 V        ; 0 in              ; 0 H/in                  ; 0 F/in                  ; short         ; -                   ; open           ; open             ; open   ; 0 in             ; 0 H/in                 ; 0 F/in                 ; short        ; open          ; open            ; open  ; 0 V                 ; -                  ; n/a           ; n/a             ; n/a         ;
; ssd[0]        ; 2.5 V        ; 0 in              ; 0 H/in                  ; 0 F/in                  ; short         ; -                   ; open           ; open             ; open   ; 0 in             ; 0 H/in                 ; 0 F/in                 ; short        ; open          ; open            ; open  ; 0 V                 ; -                  ; n/a           ; n/a             ; n/a         ;
; ssd[1]        ; 2.5 V        ; 0 in              ; 0 H/in                  ; 0 F/in                  ; short         ; -                   ; open           ; open             ; open   ; 0 in             ; 0 H/in                 ; 0 F/in                 ; short        ; open          ; open            ; open  ; 0 V                 ; -                  ; n/a           ; n/a             ; n/a         ;
; ssd[2]        ; 2.5 V        ; 0 in              ; 0 H/in                  ; 0 F/in                  ; short         ; -                   ; open           ; open             ; open   ; 0 in             ; 0 H/in                 ; 0 F/in                 ; short        ; open          ; open            ; open  ; 0 V                 ; -                  ; n/a           ; n/a             ; n/a         ;
; ssd[3]        ; 2.5 V        ; 0 in              ; 0 H/in                  ; 0 F/in                  ; short         ; -                   ; open           ; open             ; open   ; 0 in             ; 0 H/in                 ; 0 F/in                 ; short        ; open          ; open            ; open  ; 0 V                 ; -                  ; n/a           ; n/a             ; n/a         ;
; ssd[4]        ; 2.5 V        ; 0 in              ; 0 H/in                  ; 0 F/in                  ; short         ; -                   ; open           ; open             ; open   ; 0 in             ; 0 H/in                 ; 0 F/in                 ; short        ; open          ; open            ; open  ; 0 V                 ; -                  ; n/a           ; n/a             ; n/a         ;
; ssd[5]        ; 2.5 V        ; 0 in              ; 0 H/in                  ; 0 F/in                  ; short         ; -                   ; open           ; open             ; open   ; 0 in             ; 0 H/in                 ; 0 F/in                 ; short        ; open          ; open            ; open  ; 0 V                 ; -                  ; n/a           ; n/a             ; n/a         ;
; ssd[6]        ; 2.5 V        ; 0 in              ; 0 H/in                  ; 0 F/in                  ; short         ; -                   ; open           ; open             ; open   ; 0 in             ; 0 H/in                 ; 0 F/in                 ; short        ; open          ; open            ; open  ; 0 V                 ; -                  ; n/a           ; n/a             ; n/a         ;
; ~ALTERA_DCLK~ ; 2.5 V        ; 0 in              ; 0 H/in                  ; 0 F/in                  ; short         ; -                   ; open           ; open             ; open   ; 0 in             ; 0 H/in                 ; 0 F/in                 ; short        ; open          ; open            ; open  ; 0 V                 ; -                  ; n/a           ; n/a             ; n/a         ;
; ~ALTERA_nCEO~ ; 2.5 V        ; 0 in              ; 0 H/in                  ; 0 F/in                  ; short         ; -                   ; open           ; open             ; open   ; 0 in             ; 0 H/in                 ; 0 F/in                 ; short        ; open          ; open            ; open  ; 0 V                 ; -                  ; n/a           ; n/a             ; n/a         ;
+---------------+--------------+-------------------+-------------------------+-------------------------+---------------+---------------------+----------------+------------------+--------+------------------+------------------------+------------------------+--------------+---------------+-----------------+-------+---------------------+--------------------+---------------+-----------------+-------------+


+----------------------------------------------------------------------------+
; Input Transition Times                                                     ;
+-------------------------+--------------+-----------------+-----------------+
; Pin                     ; I/O Standard ; 10-90 Rise Time ; 90-10 Fall Time ;
+-------------------------+--------------+-----------------+-----------------+
; x[7]                    ; 2.5 V        ; 2000 ps         ; 2000 ps         ;
; x[6]                    ; 2.5 V        ; 2000 ps         ; 2000 ps         ;
; x[5]                    ; 2.5 V        ; 2000 ps         ; 2000 ps         ;
; x[4]                    ; 2.5 V        ; 2000 ps         ; 2000 ps         ;
; x[3]                    ; 2.5 V        ; 2000 ps         ; 2000 ps         ;
; x[2]                    ; 2.5 V        ; 2000 ps         ; 2000 ps         ;
; x[1]                    ; 2.5 V        ; 2000 ps         ; 2000 ps         ;
; x[0]                    ; 2.5 V        ; 2000 ps         ; 2000 ps         ;
; ~ALTERA_ASDO_DATA1~     ; 2.5 V        ; 2000 ps         ; 2000 ps         ;
; ~ALTERA_FLASH_nCE_nCSO~ ; 2.5 V        ; 2000 ps         ; 2000 ps         ;
; ~ALTERA_DATA0~          ; 2.5 V        ; 2000 ps         ; 2000 ps         ;
+-------------------------+--------------+-----------------+-----------------+


+--------------------------------------------------------------------------------------------------------------------------------------------------------------------------------------------------------------------------------------------------------------------------------------------------------------------------------------------------------------------------------------------------------------------------------------------------------------------------------------------------------------------------------------------------------------------------------------------------------------------------------------------------------------------------------------------+
; Slow Corner Signal Integrity Metrics                                                                                                                                                                                                                                                                                                                                                                                                                                                                                                                                                                                                                                                       ;
+---------------+--------------+---------------------+---------------------+------------------------------+------------------------------+---------------------+---------------------+--------------------------------------+--------------------------------------+-----------------------------+-----------------------------+----------------------------+----------------------------+-----------------------------+-----------------------------+--------------------+--------------------+-------------------------------------+-------------------------------------+----------------------------+----------------------------+---------------------------+---------------------------+
; Pin           ; I/O Standard ; Board Delay on Rise ; Board Delay on Fall ; Steady State Voh at FPGA Pin ; Steady State Vol at FPGA Pin ; Voh Max at FPGA Pin ; Vol Min at FPGA Pin ; Ringback Voltage on Rise at FPGA Pin ; Ringback Voltage on Fall at FPGA Pin ; 10-90 Rise Time at FPGA Pin ; 90-10 Fall Time at FPGA Pin ; Monotonic Rise at FPGA Pin ; Monotonic Fall at FPGA Pin ; Steady State Voh at Far-end ; Steady State Vol at Far-end ; Voh Max at Far-end ; Vol Min at Far-end ; Ringback Voltage on Rise at Far-end ; Ringback Voltage on Fall at Far-end ; 10-90 Rise Time at Far-end ; 90-10 Fall Time at Far-end ; Monotonic Rise at Far-end ; Monotonic Fall at Far-end ;
+---------------+--------------+---------------------+---------------------+------------------------------+------------------------------+---------------------+---------------------+--------------------------------------+--------------------------------------+-----------------------------+-----------------------------+----------------------------+----------------------------+-----------------------------+-----------------------------+--------------------+--------------------+-------------------------------------+-------------------------------------+----------------------------+----------------------------+---------------------------+---------------------------+
; y[0]          ; 2.5 V        ; 0 s                 ; 0 s                 ; 2.32 V                       ; 5.43e-07 V                   ; 2.35 V              ; -0.00795 V          ; 0.123 V                              ; 0.028 V                              ; 4.64e-10 s                  ; 4.47e-10 s                  ; Yes                        ; Yes                        ; 2.32 V                      ; 5.43e-07 V                  ; 2.35 V             ; -0.00795 V         ; 0.123 V                             ; 0.028 V                             ; 4.64e-10 s                 ; 4.47e-10 s                 ; Yes                       ; Yes                       ;
; y[1]          ; 2.5 V        ; 0 s                 ; 0 s                 ; 2.32 V                       ; 5.43e-07 V                   ; 2.35 V              ; -0.00795 V          ; 0.123 V                              ; 0.028 V                              ; 4.64e-10 s                  ; 4.47e-10 s                  ; Yes                        ; Yes                        ; 2.32 V                      ; 5.43e-07 V                  ; 2.35 V             ; -0.00795 V         ; 0.123 V                             ; 0.028 V                             ; 4.64e-10 s                 ; 4.47e-10 s                 ; Yes                       ; Yes                       ;
; y[2]          ; 2.5 V        ; 0 s                 ; 0 s                 ; 2.32 V                       ; 5.43e-07 V                   ; 2.35 V              ; -0.00795 V          ; 0.123 V                              ; 0.028 V                              ; 4.64e-10 s                  ; 4.47e-10 s                  ; Yes                        ; Yes                        ; 2.32 V                      ; 5.43e-07 V                  ; 2.35 V             ; -0.00795 V         ; 0.123 V                             ; 0.028 V                             ; 4.64e-10 s                 ; 4.47e-10 s                 ; Yes                       ; Yes                       ;
; y[3]          ; 2.5 V        ; 0 s                 ; 0 s                 ; 2.32 V                       ; 5.43e-07 V                   ; 2.33 V              ; -0.00259 V          ; 0.108 V                              ; 0.056 V                              ; 3.55e-09 s                  ; 3.31e-09 s                  ; Yes                        ; Yes                        ; 2.32 V                      ; 5.43e-07 V                  ; 2.33 V             ; -0.00259 V         ; 0.108 V                             ; 0.056 V                             ; 3.55e-09 s                 ; 3.31e-09 s                 ; Yes                       ; Yes                       ;
; ssd[0]        ; 2.5 V        ; 0 s                 ; 0 s                 ; 2.32 V                       ; 5.43e-07 V                   ; 2.33 V              ; -0.00259 V          ; 0.108 V                              ; 0.056 V                              ; 3.55e-09 s                  ; 3.31e-09 s                  ; Yes                        ; Yes                        ; 2.32 V                      ; 5.43e-07 V                  ; 2.33 V             ; -0.00259 V         ; 0.108 V                             ; 0.056 V                             ; 3.55e-09 s                 ; 3.31e-09 s                 ; Yes                       ; Yes                       ;
; ssd[1]        ; 2.5 V        ; 0 s                 ; 0 s                 ; 2.32 V                       ; 3.66e-07 V                   ; 2.35 V              ; -0.00828 V          ; 0.118 V                              ; 0.032 V                              ; 6.66e-10 s                  ; 6.27e-10 s                  ; Yes                        ; Yes                        ; 2.32 V                      ; 3.66e-07 V                  ; 2.35 V             ; -0.00828 V         ; 0.118 V                             ; 0.032 V                             ; 6.66e-10 s                 ; 6.27e-10 s                 ; Yes                       ; Yes                       ;
; ssd[2]        ; 2.5 V        ; 0 s                 ; 0 s                 ; 2.32 V                       ; 5.43e-07 V                   ; 2.35 V              ; -0.00795 V          ; 0.123 V                              ; 0.028 V                              ; 4.64e-10 s                  ; 4.47e-10 s                  ; Yes                        ; Yes                        ; 2.32 V                      ; 5.43e-07 V                  ; 2.35 V             ; -0.00795 V         ; 0.123 V                             ; 0.028 V                             ; 4.64e-10 s                 ; 4.47e-10 s                 ; Yes                       ; Yes                       ;
; ssd[3]        ; 2.5 V        ; 0 s                 ; 0 s                 ; 2.32 V                       ; 5.43e-07 V                   ; 2.35 V              ; -0.00795 V          ; 0.123 V                              ; 0.028 V                              ; 4.64e-10 s                  ; 4.47e-10 s                  ; Yes                        ; Yes                        ; 2.32 V                      ; 5.43e-07 V                  ; 2.35 V             ; -0.00795 V         ; 0.123 V                             ; 0.028 V                             ; 4.64e-10 s                 ; 4.47e-10 s                 ; Yes                       ; Yes                       ;
; ssd[4]        ; 2.5 V        ; 0 s                 ; 0 s                 ; 2.32 V                       ; 5.43e-07 V                   ; 2.35 V              ; -0.00795 V          ; 0.123 V                              ; 0.028 V                              ; 4.64e-10 s                  ; 4.47e-10 s                  ; Yes                        ; Yes                        ; 2.32 V                      ; 5.43e-07 V                  ; 2.35 V             ; -0.00795 V         ; 0.123 V                             ; 0.028 V                             ; 4.64e-10 s                 ; 4.47e-10 s                 ; Yes                       ; Yes                       ;
; ssd[5]        ; 2.5 V        ; 0 s                 ; 0 s                 ; 2.32 V                       ; 5.43e-07 V                   ; 2.35 V              ; -0.00795 V          ; 0.123 V                              ; 0.028 V                              ; 4.64e-10 s                  ; 4.47e-10 s                  ; Yes                        ; Yes                        ; 2.32 V                      ; 5.43e-07 V                  ; 2.35 V             ; -0.00795 V         ; 0.123 V                             ; 0.028 V                             ; 4.64e-10 s                 ; 4.47e-10 s                 ; Yes                       ; Yes                       ;
; ssd[6]        ; 2.5 V        ; 0 s                 ; 0 s                 ; 2.32 V                       ; 5.43e-07 V                   ; 2.35 V              ; -0.00795 V          ; 0.123 V                              ; 0.028 V                              ; 4.64e-10 s                  ; 4.47e-10 s                  ; Yes                        ; Yes                        ; 2.32 V                      ; 5.43e-07 V                  ; 2.35 V             ; -0.00795 V         ; 0.123 V                             ; 0.028 V                             ; 4.64e-10 s                 ; 4.47e-10 s                 ; Yes                       ; Yes                       ;
; ~ALTERA_DCLK~ ; 2.5 V        ; 0 s                 ; 0 s                 ; 2.32 V                       ; 2.92e-07 V                   ; 2.35 V              ; -0.0133 V           ; 0.084 V                              ; 0.028 V                              ; 4.31e-10 s                  ; 3.59e-10 s                  ; Yes                        ; Yes                        ; 2.32 V                      ; 2.92e-07 V                  ; 2.35 V             ; -0.0133 V          ; 0.084 V                             ; 0.028 V                             ; 4.31e-10 s                 ; 3.59e-10 s                 ; Yes                       ; Yes                       ;
; ~ALTERA_nCEO~ ; 2.5 V        ; 0 s                 ; 0 s                 ; 2.32 V                       ; 4.8e-07 V                    ; 2.35 V              ; -0.00679 V          ; 0.09 V                               ; 0.045 V                              ; 6.2e-10 s                   ; 7.91e-10 s                  ; Yes                        ; Yes                        ; 2.32 V                      ; 4.8e-07 V                   ; 2.35 V             ; -0.00679 V         ; 0.09 V                              ; 0.045 V                             ; 6.2e-10 s                  ; 7.91e-10 s                 ; Yes                       ; Yes                       ;
+---------------+--------------+---------------------+---------------------+------------------------------+------------------------------+---------------------+---------------------+--------------------------------------+--------------------------------------+-----------------------------+-----------------------------+----------------------------+----------------------------+-----------------------------+-----------------------------+--------------------+--------------------+-------------------------------------+-------------------------------------+----------------------------+----------------------------+---------------------------+---------------------------+


+--------------------------------------------------------------------------------------------------------------------------------------------------------------------------------------------------------------------------------------------------------------------------------------------------------------------------------------------------------------------------------------------------------------------------------------------------------------------------------------------------------------------------------------------------------------------------------------------------------------------------------------------------------------------------------------------+
; Fast Corner Signal Integrity Metrics                                                                                                                                                                                                                                                                                                                                                                                                                                                                                                                                                                                                                                                       ;
+---------------+--------------+---------------------+---------------------+------------------------------+------------------------------+---------------------+---------------------+--------------------------------------+--------------------------------------+-----------------------------+-----------------------------+----------------------------+----------------------------+-----------------------------+-----------------------------+--------------------+--------------------+-------------------------------------+-------------------------------------+----------------------------+----------------------------+---------------------------+---------------------------+
; Pin           ; I/O Standard ; Board Delay on Rise ; Board Delay on Fall ; Steady State Voh at FPGA Pin ; Steady State Vol at FPGA Pin ; Voh Max at FPGA Pin ; Vol Min at FPGA Pin ; Ringback Voltage on Rise at FPGA Pin ; Ringback Voltage on Fall at FPGA Pin ; 10-90 Rise Time at FPGA Pin ; 90-10 Fall Time at FPGA Pin ; Monotonic Rise at FPGA Pin ; Monotonic Fall at FPGA Pin ; Steady State Voh at Far-end ; Steady State Vol at Far-end ; Voh Max at Far-end ; Vol Min at Far-end ; Ringback Voltage on Rise at Far-end ; Ringback Voltage on Fall at Far-end ; 10-90 Rise Time at Far-end ; 90-10 Fall Time at Far-end ; Monotonic Rise at Far-end ; Monotonic Fall at Far-end ;
+---------------+--------------+---------------------+---------------------+------------------------------+------------------------------+---------------------+---------------------+--------------------------------------+--------------------------------------+-----------------------------+-----------------------------+----------------------------+----------------------------+-----------------------------+-----------------------------+--------------------+--------------------+-------------------------------------+-------------------------------------+----------------------------+----------------------------+---------------------------+---------------------------+
; y[0]          ; 2.5 V        ; 0 s                 ; 0 s                 ; 2.62 V                       ; 4.02e-08 V                   ; 2.71 V              ; -0.0354 V           ; 0.174 V                              ; 0.098 V                              ; 2.73e-10 s                  ; 2.69e-10 s                  ; Yes                        ; Yes                        ; 2.62 V                      ; 4.02e-08 V                  ; 2.71 V             ; -0.0354 V          ; 0.174 V                             ; 0.098 V                             ; 2.73e-10 s                 ; 2.69e-10 s                 ; Yes                       ; Yes                       ;
; y[1]          ; 2.5 V        ; 0 s                 ; 0 s                 ; 2.62 V                       ; 4.02e-08 V                   ; 2.71 V              ; -0.0354 V           ; 0.174 V                              ; 0.098 V                              ; 2.73e-10 s                  ; 2.69e-10 s                  ; Yes                        ; Yes                        ; 2.62 V                      ; 4.02e-08 V                  ; 2.71 V             ; -0.0354 V          ; 0.174 V                             ; 0.098 V                             ; 2.73e-10 s                 ; 2.69e-10 s                 ; Yes                       ; Yes                       ;
; y[2]          ; 2.5 V        ; 0 s                 ; 0 s                 ; 2.62 V                       ; 4.02e-08 V                   ; 2.71 V              ; -0.0354 V           ; 0.174 V                              ; 0.098 V                              ; 2.73e-10 s                  ; 2.69e-10 s                  ; Yes                        ; Yes                        ; 2.62 V                      ; 4.02e-08 V                  ; 2.71 V             ; -0.0354 V          ; 0.174 V                             ; 0.098 V                             ; 2.73e-10 s                 ; 2.69e-10 s                 ; Yes                       ; Yes                       ;
; y[3]          ; 2.5 V        ; 0 s                 ; 0 s                 ; 2.62 V                       ; 4.02e-08 V                   ; 2.64 V              ; -0.0115 V           ; 0.204 V                              ; 0.12 V                               ; 2.38e-09 s                  ; 2.24e-09 s                  ; No                         ; Yes                        ; 2.62 V                      ; 4.02e-08 V                  ; 2.64 V             ; -0.0115 V          ; 0.204 V                             ; 0.12 V                              ; 2.38e-09 s                 ; 2.24e-09 s                 ; No                        ; Yes                       ;
; ssd[0]        ; 2.5 V        ; 0 s                 ; 0 s                 ; 2.62 V                       ; 4.02e-08 V                   ; 2.64 V              ; -0.0115 V           ; 0.204 V                              ; 0.12 V                               ; 2.38e-09 s                  ; 2.24e-09 s                  ; No                         ; Yes                        ; 2.62 V                      ; 4.02e-08 V                  ; 2.64 V             ; -0.0115 V          ; 0.204 V                             ; 0.12 V                              ; 2.38e-09 s                 ; 2.24e-09 s                 ; No                        ; Yes                       ;
; ssd[1]        ; 2.5 V        ; 0 s                 ; 0 s                 ; 2.62 V                       ; 2.7e-08 V                    ; 2.71 V              ; -0.0354 V           ; 0.148 V                              ; 0.064 V                              ; 4.51e-10 s                  ; 4.14e-10 s                  ; No                         ; Yes                        ; 2.62 V                      ; 2.7e-08 V                   ; 2.71 V             ; -0.0354 V          ; 0.148 V                             ; 0.064 V                             ; 4.51e-10 s                 ; 4.14e-10 s                 ; No                        ; Yes                       ;
; ssd[2]        ; 2.5 V        ; 0 s                 ; 0 s                 ; 2.62 V                       ; 4.02e-08 V                   ; 2.71 V              ; -0.0354 V           ; 0.174 V                              ; 0.098 V                              ; 2.73e-10 s                  ; 2.69e-10 s                  ; Yes                        ; Yes                        ; 2.62 V                      ; 4.02e-08 V                  ; 2.71 V             ; -0.0354 V          ; 0.174 V                             ; 0.098 V                             ; 2.73e-10 s                 ; 2.69e-10 s                 ; Yes                       ; Yes                       ;
; ssd[3]        ; 2.5 V        ; 0 s                 ; 0 s                 ; 2.62 V                       ; 4.02e-08 V                   ; 2.71 V              ; -0.0354 V           ; 0.174 V                              ; 0.098 V                              ; 2.73e-10 s                  ; 2.69e-10 s                  ; Yes                        ; Yes                        ; 2.62 V                      ; 4.02e-08 V                  ; 2.71 V             ; -0.0354 V          ; 0.174 V                             ; 0.098 V                             ; 2.73e-10 s                 ; 2.69e-10 s                 ; Yes                       ; Yes                       ;
; ssd[4]        ; 2.5 V        ; 0 s                 ; 0 s                 ; 2.62 V                       ; 4.02e-08 V                   ; 2.71 V              ; -0.0354 V           ; 0.174 V                              ; 0.098 V                              ; 2.73e-10 s                  ; 2.69e-10 s                  ; Yes                        ; Yes                        ; 2.62 V                      ; 4.02e-08 V                  ; 2.71 V             ; -0.0354 V          ; 0.174 V                             ; 0.098 V                             ; 2.73e-10 s                 ; 2.69e-10 s                 ; Yes                       ; Yes                       ;
; ssd[5]        ; 2.5 V        ; 0 s                 ; 0 s                 ; 2.62 V                       ; 4.02e-08 V                   ; 2.71 V              ; -0.0354 V           ; 0.174 V                              ; 0.098 V                              ; 2.73e-10 s                  ; 2.69e-10 s                  ; Yes                        ; Yes                        ; 2.62 V                      ; 4.02e-08 V                  ; 2.71 V             ; -0.0354 V          ; 0.174 V                             ; 0.098 V                             ; 2.73e-10 s                 ; 2.69e-10 s                 ; Yes                       ; Yes                       ;
; ssd[6]        ; 2.5 V        ; 0 s                 ; 0 s                 ; 2.62 V                       ; 4.02e-08 V                   ; 2.71 V              ; -0.0354 V           ; 0.174 V                              ; 0.098 V                              ; 2.73e-10 s                  ; 2.69e-10 s                  ; Yes                        ; Yes                        ; 2.62 V                      ; 4.02e-08 V                  ; 2.71 V             ; -0.0354 V          ; 0.174 V                             ; 0.098 V                             ; 2.73e-10 s                 ; 2.69e-10 s                 ; Yes                       ; Yes                       ;
; ~ALTERA_DCLK~ ; 2.5 V        ; 0 s                 ; 0 s                 ; 2.62 V                       ; 2.2e-08 V                    ; 2.74 V              ; -0.061 V            ; 0.159 V                              ; 0.078 V                              ; 2.7e-10 s                   ; 2.2e-10 s                   ; No                         ; Yes                        ; 2.62 V                      ; 2.2e-08 V                   ; 2.74 V             ; -0.061 V           ; 0.159 V                             ; 0.078 V                             ; 2.7e-10 s                  ; 2.2e-10 s                  ; No                        ; Yes                       ;
; ~ALTERA_nCEO~ ; 2.5 V        ; 0 s                 ; 0 s                 ; 2.62 V                       ; 3.52e-08 V                   ; 2.7 V               ; -0.0121 V           ; 0.274 V                              ; 0.034 V                              ; 3.18e-10 s                  ; 4.96e-10 s                  ; No                         ; Yes                        ; 2.62 V                      ; 3.52e-08 V                  ; 2.7 V              ; -0.0121 V          ; 0.274 V                             ; 0.034 V                             ; 3.18e-10 s                 ; 4.96e-10 s                 ; No                        ; Yes                       ;
+---------------+--------------+---------------------+---------------------+------------------------------+------------------------------+---------------------+---------------------+--------------------------------------+--------------------------------------+-----------------------------+-----------------------------+----------------------------+----------------------------+-----------------------------+-----------------------------+--------------------+--------------------+-------------------------------------+-------------------------------------+----------------------------+----------------------------+---------------------------+---------------------------+


-------------------
; Clock Transfers ;
-------------------
Nothing to report.


---------------
; Report TCCS ;
---------------
No dedicated SERDES Transmitter circuitry present in device or used in design


---------------
; Report RSKM ;
---------------
No non-DPA dedicated SERDES Receiver circuitry present in device or used in design


+------------------------------------------------+
; Unconstrained Paths                            ;
+---------------------------------+-------+------+
; Property                        ; Setup ; Hold ;
+---------------------------------+-------+------+
; Illegal Clocks                  ; 0     ; 0    ;
; Unconstrained Clocks            ; 0     ; 0    ;
; Unconstrained Input Ports       ; 8     ; 8    ;
; Unconstrained Input Port Paths  ; 88    ; 88   ;
; Unconstrained Output Ports      ; 11    ; 11   ;
; Unconstrained Output Port Paths ; 88    ; 88   ;
+---------------------------------+-------+------+


+------------------------------------+
; TimeQuest Timing Analyzer Messages ;
+------------------------------------+
Info: *******************************************************************
Info: Running Quartus II 64-Bit TimeQuest Timing Analyzer
    Info: Version 13.1.0 Build 162 10/23/2013 SJ Web Edition
    Info: Processing started: Tue Apr 24 19:14:35 2018
Info: Command: quartus_sta bit_counter -c bit_counter
Info: qsta_default_script.tcl version: #1
Warning (20028): Parallel compilation is not licensed and has been disabled
Info (21077): Low junction temperature is 0 degrees C
Info (21077): High junction temperature is 85 degrees C
Critical Warning (332012): Synopsys Design Constraints File file not found: 'bit_counter.sdc'. A Synopsys Design Constraints File is required by the TimeQuest Timing Analyzer to get proper timing constraints. Without it, the Compiler will not properly optimize the design.
Info (332142): No user constrained base clocks found in the design. Calling "derive_clocks -period 1.0"
Info (332096): The command derive_clocks did not find any clocks to derive.  No clocks were created or changed.
Warning (332068): No clocks defined in design.
Info (332143): No user constrained clock uncertainty found in the design. Calling "derive_clock_uncertainty"
Info (332154): The derive_clock_uncertainty command did not apply clock uncertainty to any clock-to-clock transfers.
Info: Found TIMEQUEST_REPORT_SCRIPT_INCLUDE_DEFAULT_ANALYSIS = ON
Info (332159): No clocks to report
Info: Analyzing Slow 1200mV 85C Model
Info (332140): No fmax paths to report
Info (332140): No Setup paths to report
Info (332140): No Hold paths to report
Info (332140): No Recovery paths to report
Info (332140): No Removal paths to report
Info (332140): No Minimum Pulse Width paths to report
Info: Analyzing Slow 1200mV 0C Model
Info (334003): Started post-fitting delay annotation
Info (334004): Delay annotation completed successfully
Info (332142): No user constrained base clocks found in the design. Calling "derive_clocks -period 1.0"
Info (332096): The command derive_clocks did not find any clocks to derive.  No clocks were created or changed.
Warning (332068): No clocks defined in design.
Info (332154): The derive_clock_uncertainty command did not apply clock uncertainty to any clock-to-clock transfers.
Info (332140): No fmax paths to report
Info (332140): No Setup paths to report
Info (332140): No Hold paths to report
Info (332140): No Recovery paths to report
Info (332140): No Removal paths to report
Info (332140): No Minimum Pulse Width paths to report
Info: Analyzing Fast 1200mV 0C Model
Info (332142): No user constrained base clocks found in the design. Calling "derive_clocks -period 1.0"
Info (332096): The command derive_clocks did not find any clocks to derive.  No clocks were created or changed.
Warning (332068): No clocks defined in design.
Info (332154): The derive_clock_uncertainty command did not apply clock uncertainty to any clock-to-clock transfers.
Info (332140): No Setup paths to report
Info (332140): No Hold paths to report
Info (332140): No Recovery paths to report
Info (332140): No Removal paths to report
Info (332140): No Minimum Pulse Width paths to report
Info (332102): Design is not fully constrained for setup requirements
Info (332102): Design is not fully constrained for hold requirements
Info: Quartus II 64-Bit TimeQuest Timing Analyzer was successful. 0 errors, 5 warnings
    Info: Peak virtual memory: 550 megabytes
    Info: Processing ended: Tue Apr 24 19:14:40 2018
    Info: Elapsed time: 00:00:05
    Info: Total CPU time (on all processors): 00:00:05


