Flow report for kitchen_ctr
Mon May 14 18:57:53 2018
Quartus II 64-Bit Version 13.1.0 Build 162 10/23/2013 SJ Web Edition


---------------------
; Table of Contents ;
---------------------
  1. Legal Notice
  2. Flow Summary
  3. Flow Settings
  4. Flow Non-Default Global Settings
  5. Flow Elapsed Time
  6. Flow OS Summary
  7. Flow Log
  8. Flow Messages
  9. Flow Suppressed Messages



----------------
; Legal Notice ;
----------------
Copyright (C) 1991-2013 Altera Corporation
Your use of Altera Corporation's design tools, logic functions 
and other software and tools, and its AMPP partner logic 
functions, and any output files from any of the foregoing 
(including device programming or simulation files), and any 
associated documentation or information are expressly subject 
to the terms and conditions of the Altera Program License 
Subscription Agreement, Altera MegaCore Function License 
Agreement, or other applicable license agreement, including, 
without limitation, that your use is for the sole purpose of 
programming logic devices manufactured by Altera and sold by 
Altera or its authorized distributors.  Please refer to the 
applicable agreement for further details.



+---------------------------------------------------------------------------------+
; Flow Summary                                                                    ;
+------------------------------------+--------------------------------------------+
; Flow Status                        ; Successful - Mon May 14 18:57:53 2018      ;
; Quartus II 64-Bit Version          ; 13.1.0 Build 162 10/23/2013 SJ Web Edition ;
; Revision Name                      ; kitchen_ctr                                ;
; Top-level Entity Name              ; kitchen_ctr                                ;
; Family                             ; Cyclone III                                ;
; Total logic elements               ; 89 / 5,136 ( 2 % )                         ;
;     Total combinational functions  ; 89 / 5,136 ( 2 % )                         ;
;     Dedicated logic registers      ; 32 / 5,136 ( < 1 % )                       ;
; Total registers                    ; 32                                         ;
; Total pins                         ; 11 / 183 ( 6 % )                           ;
; Total virtual pins                 ; 0                                          ;
; Total memory bits                  ; 0 / 423,936 ( 0 % )                        ;
; Embedded Multiplier 9-bit elements ; 0 / 46 ( 0 % )                             ;
; Total PLLs                         ; 0 / 2 ( 0 % )                              ;
; Device                             ; EP3C5F256C6                                ;
; Timing Models                      ; Final                                      ;
+------------------------------------+--------------------------------------------+


+-----------------------------------------+
; Flow Settings                           ;
+-------------------+---------------------+
; Option            ; Setting             ;
+-------------------+---------------------+
; Start date & time ; 05/14/2018 18:49:28 ;
; Main task         ; Compilation         ;
; Revision Name     ; kitchen_ctr         ;
+-------------------+---------------------+


+-----------------------------------------------------------------------------------------------------------------------------------------------------+
; Flow Non-Default Global Settings                                                                                                                    ;
+-------------------------------------+----------------------------------------------------------------+---------------+-------------+----------------+
; Assignment Name                     ; Value                                                          ; Default Value ; Entity Name ; Section Id     ;
+-------------------------------------+----------------------------------------------------------------+---------------+-------------+----------------+
; COMPILER_SIGNATURE_ID               ; 79461739658902.152634896805072                                 ; --            ; --          ; --             ;
; EDA_GENERATE_FUNCTIONAL_NETLIST     ; Off                                                            ; --            ; --          ; eda_simulation ;
; EDA_NETLIST_WRITER_OUTPUT_DIR       ; C:/altera/13.1/projects/designday/kitchen_ctr/simulation/qsim/ ; --            ; --          ; eda_simulation ;
; EDA_OUTPUT_DATA_FORMAT              ; Verilog Hdl                                                    ; --            ; --          ; eda_simulation ;
; EDA_SIMULATION_TOOL                 ; ModelSim-Altera (Verilog)                                      ; <None>        ; --          ; --             ;
; EDA_TIME_SCALE                      ; 1 ps                                                           ; --            ; --          ; eda_simulation ;
; PARTITION_COLOR                     ; 16764057                                                       ; --            ; --          ; Top            ;
; PARTITION_FITTER_PRESERVATION_LEVEL ; PLACEMENT_AND_ROUTING                                          ; --            ; --          ; Top            ;
; PARTITION_NETLIST_TYPE              ; SOURCE                                                         ; --            ; --          ; Top            ;
; PROJECT_OUTPUT_DIRECTORY            ; output_files                                                   ; --            ; --          ; --             ;
; VHDL_INPUT_VERSION                  ; VHDL_2008                                                      ; VHDL_1993     ; --          ; --             ;
; VHDL_SHOW_LMF_MAPPING_MESSAGES      ; Off                                                            ; --            ; --          ; --             ;
+-------------------------------------+----------------------------------------------------------------+---------------+-------------+----------------+


+-------------------------------------------------------------------------------------------------------------------------------+
; Flow Elapsed Time                                                                                                             ;
+---------------------------+--------------+-------------------------+---------------------+------------------------------------+
; Module Name               ; Elapsed Time ; Average Processors Used ; Peak Virtual Memory ; Total CPU Time (on all processors) ;
+---------------------------+--------------+-------------------------+---------------------+------------------------------------+
; Analysis & Synthesis      ; 00:00:05     ; 1.0                     ; 4673 MB             ; 00:00:05                           ;
; Fitter                    ; 00:00:16     ; 1.0                     ; 5002 MB             ; 00:00:16                           ;
; Assembler                 ; 00:00:04     ; 1.0                     ; 4586 MB             ; 00:00:03                           ;
; TimeQuest Timing Analyzer ; 00:00:06     ; 1.0                     ; 4640 MB             ; 00:00:06                           ;
; EDA Netlist Writer        ; 00:00:03     ; 1.0                     ; 4561 MB             ; 00:00:03                           ;
; EDA Netlist Writer        ; 00:00:01     ; 1.0                     ; 4563 MB             ; 00:00:01                           ;
; EDA Netlist Writer        ; 00:00:02     ; 1.0                     ; 4563 MB             ; 00:00:02                           ;
; EDA Netlist Writer        ; 00:00:01     ; 1.0                     ; 4563 MB             ; 00:00:01                           ;
; EDA Netlist Writer        ; 00:00:01     ; 1.0                     ; 4563 MB             ; 00:00:02                           ;
; EDA Netlist Writer        ; 00:00:01     ; 1.0                     ; 4563 MB             ; 00:00:01                           ;
; EDA Netlist Writer        ; 00:00:02     ; 1.0                     ; 4563 MB             ; 00:00:02                           ;
; EDA Netlist Writer        ; 00:00:01     ; 1.0                     ; 4563 MB             ; 00:00:01                           ;
; EDA Netlist Writer        ; 00:00:02     ; 1.0                     ; 4563 MB             ; 00:00:02                           ;
; Total                     ; 00:00:45     ; --                      ; --                  ; 00:00:45                           ;
+---------------------------+--------------+-------------------------+---------------------+------------------------------------+


+----------------------------------------------------------------------------------------+
; Flow OS Summary                                                                        ;
+---------------------------+------------------+-----------+------------+----------------+
; Module Name               ; Machine Hostname ; OS Name   ; OS Version ; Processor type ;
+---------------------------+------------------+-----------+------------+----------------+
; Analysis & Synthesis      ; singularity      ; Windows 7 ; 6.2        ; x86_64         ;
; Fitter                    ; singularity      ; Windows 7 ; 6.2        ; x86_64         ;
; Assembler                 ; singularity      ; Windows 7 ; 6.2        ; x86_64         ;
; TimeQuest Timing Analyzer ; singularity      ; Windows 7 ; 6.2        ; x86_64         ;
; EDA Netlist Writer        ; singularity      ; Windows 7 ; 6.2        ; x86_64         ;
; EDA Netlist Writer        ; singularity      ; Windows 7 ; 6.2        ; x86_64         ;
; EDA Netlist Writer        ; singularity      ; Windows 7 ; 6.2        ; x86_64         ;
; EDA Netlist Writer        ; singularity      ; Windows 7 ; 6.2        ; x86_64         ;
; EDA Netlist Writer        ; singularity      ; Windows 7 ; 6.2        ; x86_64         ;
; EDA Netlist Writer        ; singularity      ; Windows 7 ; 6.2        ; x86_64         ;
; EDA Netlist Writer        ; singularity      ; Windows 7 ; 6.2        ; x86_64         ;
; EDA Netlist Writer        ; singularity      ; Windows 7 ; 6.2        ; x86_64         ;
; EDA Netlist Writer        ; singularity      ; Windows 7 ; 6.2        ; x86_64         ;
+---------------------------+------------------+-----------+------------+----------------+


------------
; Flow Log ;
------------
quartus_map --read_settings_files=on --write_settings_files=off kitchen_ctr -c kitchen_ctr
quartus_fit --read_settings_files=off --write_settings_files=off kitchen_ctr -c kitchen_ctr
quartus_asm --read_settings_files=off --write_settings_files=off kitchen_ctr -c kitchen_ctr
quartus_sta kitchen_ctr -c kitchen_ctr
quartus_eda --read_settings_files=off --write_settings_files=off kitchen_ctr -c kitchen_ctr
quartus_eda --gen_testbench --check_outputs=on --tool=modelsim_oem --format=verilog kitchen_ctr -c kitchen_ctr --vector_source=C:/altera/13.1/projects/designday/kitchen_ctr/kitchen_ctr.vwf --testbench_file=C:/altera/13.1/projects/designday/kitchen_ctr/simulation/qsim/kitchen_ctr.vwf.vt
quartus_eda --functional=off --flatten_buses=off --timescale=1ps --simulation=on --tool=modelsim_oem --format=verilog --output_directory=C:/altera/13.1/projects/designday/kitchen_ctr/simulation/qsim/ kitchen_ctr -c kitchen_ctr
quartus_eda --gen_testbench --check_outputs=on --tool=modelsim_oem --format=verilog kitchen_ctr -c kitchen_ctr --vector_source=C:/altera/13.1/projects/designday/kitchen_ctr/kitchen_ctr.vwf --testbench_file=C:/altera/13.1/projects/designday/kitchen_ctr/simulation/qsim/kitchen_ctr.vwf.vt
quartus_eda --functional=off --flatten_buses=off --timescale=1ps --simulation=on --tool=modelsim_oem --format=verilog --output_directory=C:/altera/13.1/projects/designday/kitchen_ctr/simulation/qsim/ kitchen_ctr -c kitchen_ctr
quartus_eda --gen_testbench --check_outputs=on --tool=modelsim_oem --format=verilog kitchen_ctr -c kitchen_ctr --vector_source=C:/altera/13.1/projects/designday/kitchen_ctr/kitchen_ctr.vwf --testbench_file=C:/altera/13.1/projects/designday/kitchen_ctr/simulation/qsim/kitchen_ctr.vwf.vt
quartus_eda --functional=off --flatten_buses=off --timescale=1ps --simulation=on --tool=modelsim_oem --format=verilog --output_directory=C:/altera/13.1/projects/designday/kitchen_ctr/simulation/qsim/ kitchen_ctr -c kitchen_ctr
quartus_eda --gen_testbench --check_outputs=on --tool=modelsim_oem --format=verilog kitchen_ctr -c kitchen_ctr --vector_source=C:/altera/13.1/projects/designday/kitchen_ctr/kitchen_ctr.vwf --testbench_file=C:/altera/13.1/projects/designday/kitchen_ctr/simulation/qsim/kitchen_ctr.vwf.vt
quartus_eda --functional=off --flatten_buses=off --timescale=1ps --simulation=on --tool=modelsim_oem --format=verilog --output_directory=C:/altera/13.1/projects/designday/kitchen_ctr/simulation/qsim/ kitchen_ctr -c kitchen_ctr



